[2015-03-01 01:24:27] local.ERROR: exception 'Symfony\Component\Debug\Exception\FatalErrorException' with message 'syntax error, unexpected '}'' in C:\xampp\htdocs\hoteltotal\app\Http\routes.php:5
Stack trace:
#0 C:\xampp\htdocs\hoteltotal\storage\framework\compiled.php(1736): Illuminate\Foundation\Bootstrap\HandleExceptions->fatalExceptionFromError(Array)
#1 [internal function]: Illuminate\Foundation\Bootstrap\HandleExceptions->handleShutdown()
#2 {main}  
[2015-03-01 01:25:12] local.ERROR: exception 'InvalidArgumentException' with message 'View [nuestraorganizacion] not found.' in C:\xampp\htdocs\hoteltotal\storage\framework\compiled.php:12829
Stack trace:
#0 C:\xampp\htdocs\hoteltotal\storage\framework\compiled.php(12802): Illuminate\View\FileViewFinder->findInPaths('nuestraorganiza...', Array)
#1 C:\xampp\htdocs\hoteltotal\storage\framework\compiled.php(12927): Illuminate\View\FileViewFinder->find('nuestraorganiza...')
#2 C:\xampp\htdocs\hoteltotal\vendor\laravel\framework\src\Illuminate\Foundation\helpers.php(547): Illuminate\View\Factory->make('nuestraorganiza...', Array, Array)
#3 C:\xampp\htdocs\hoteltotal\app\Http\Controllers\PagesController.php(33): view('nuestraorganiza...')
#4 [internal function]: App\Http\Controllers\PagesController->nuestraorganizacion()
#5 C:\xampp\htdocs\hoteltotal\storage\framework\compiled.php(8230): call_user_func_array(Array, Array)
#6 C:\xampp\htdocs\hoteltotal\storage\framework\compiled.php(8297): Illuminate\Routing\Controller->callAction('nuestraorganiza...', Array)
#7 C:\xampp\htdocs\hoteltotal\storage\framework\compiled.php(8276): Illuminate\Routing\ControllerDispatcher->call(Object(App\Http\Controllers\PagesController), Object(Illuminate\Routing\Route), 'nuestraorganiza...')
#8 [internal function]: Illuminate\Routing\ControllerDispatcher->Illuminate\Routing\{closure}(Object(Illuminate\Http\Request))
#9 C:\xampp\htdocs\hoteltotal\storage\framework\compiled.php(8895): call_user_func(Object(Closure), Object(Illuminate\Http\Request))
#10 C:\xampp\htdocs\hoteltotal\app\Http\Middleware\RedirectIfAuthenticated.php(41): Illuminate\Pipeline\Pipeline->Illuminate\Pipeline\{closure}(Object(Illuminate\Http\Request))
#11 C:\xampp\htdocs\hoteltotal\storage\framework\compiled.php(8887): App\Http\Middleware\RedirectIfAuthenticated->handle(Object(Illuminate\Http\Request), Object(Closure))
#12 [internal function]: Illuminate\Pipeline\Pipeline->Illuminate\Pipeline\{closure}(Object(Illuminate\Http\Request))
#13 C:\xampp\htdocs\hoteltotal\storage\framework\compiled.php(8878): call_user_func(Object(Closure), Object(Illuminate\Http\Request))
#14 C:\xampp\htdocs\hoteltotal\storage\framework\compiled.php(8277): Illuminate\Pipeline\Pipeline->then(Object(Closure))
#15 C:\xampp\htdocs\hoteltotal\storage\framework\compiled.php(8263): Illuminate\Routing\ControllerDispatcher->callWithinStack(Object(App\Http\Controllers\PagesController), Object(Illuminate\Routing\Route), Object(Illuminate\Http\Request), 'nuestraorganiza...')
#16 C:\xampp\htdocs\hoteltotal\storage\framework\compiled.php(7260): Illuminate\Routing\ControllerDispatcher->dispatch(Object(Illuminate\Routing\Route), Object(Illuminate\Http\Request), 'App\Http\Contro...', 'nuestraorganiza...')
#17 C:\xampp\htdocs\hoteltotal\storage\framework\compiled.php(7231): Illuminate\Routing\Route->runWithCustomDispatcher(Object(Illuminate\Http\Request))
#18 C:\xampp\htdocs\hoteltotal\storage\framework\compiled.php(6897): Illuminate\Routing\Route->run(Object(Illuminate\Http\Request))
#19 [internal function]: Illuminate\Routing\Router->Illuminate\Routing\{closure}(Object(Illuminate\Http\Request))
#20 C:\xampp\htdocs\hoteltotal\storage\framework\compiled.php(8895): call_user_func(Object(Closure), Object(Illuminate\Http\Request))
#21 [internal function]: Illuminate\Pipeline\Pipeline->Illuminate\Pipeline\{closure}(Object(Illuminate\Http\Request))
#22 C:\xampp\htdocs\hoteltotal\storage\framework\compiled.php(8878): call_user_func(Object(Closure), Object(Illuminate\Http\Request))
#23 C:\xampp\htdocs\hoteltotal\storage\framework\compiled.php(6898): Illuminate\Pipeline\Pipeline->then(Object(Closure))
#24 C:\xampp\htdocs\hoteltotal\storage\framework\compiled.php(6887): Illuminate\Routing\Router->runRouteWithinStack(Object(Illuminate\Routing\Route), Object(Illuminate\Http\Request))
#25 C:\xampp\htdocs\hoteltotal\storage\framework\compiled.php(6872): Illuminate\Routing\Router->dispatchToRoute(Object(Illuminate\Http\Request))
#26 C:\xampp\htdocs\hoteltotal\storage\framework\compiled.php(1901): Illuminate\Routing\Router->dispatch(Object(Illuminate\Http\Request))
#27 [internal function]: Illuminate\Foundation\Http\Kernel->Illuminate\Foundation\Http\{closure}(Object(Illuminate\Http\Request))
#28 C:\xampp\htdocs\hoteltotal\storage\framework\compiled.php(8895): call_user_func(Object(Closure), Object(Illuminate\Http\Request))
#29 C:\xampp\htdocs\hoteltotal\storage\framework\compiled.php(2400): Illuminate\Pipeline\Pipeline->Illuminate\Pipeline\{closure}(Object(Illuminate\Http\Request))
#30 C:\xampp\htdocs\hoteltotal\app\Http\Middleware\VerifyCsrfToken.php(17): Illuminate\Foundation\Http\Middleware\VerifyCsrfToken->handle(Object(Illuminate\Http\Request), Object(Closure))
#31 C:\xampp\htdocs\hoteltotal\storage\framework\compiled.php(8887): App\Http\Middleware\VerifyCsrfToken->handle(Object(Illuminate\Http\Request), Object(Closure))
#32 C:\xampp\htdocs\hoteltotal\storage\framework\compiled.php(12022): Illuminate\Pipeline\Pipeline->Illuminate\Pipeline\{closure}(Object(Illuminate\Http\Request))
#33 C:\xampp\htdocs\hoteltotal\storage\framework\compiled.php(8887): Illuminate\View\Middleware\ShareErrorsFromSession->handle(Object(Illuminate\Http\Request), Object(Closure))
#34 C:\xampp\htdocs\hoteltotal\storage\framework\compiled.php(10728): Illuminate\Pipeline\Pipeline->Illuminate\Pipeline\{closure}(Object(Illuminate\Http\Request))
#35 C:\xampp\htdocs\hoteltotal\storage\framework\compiled.php(8887): Illuminate\Session\Middleware\StartSession->handle(Object(Illuminate\Http\Request), Object(Closure))
#36 C:\xampp\htdocs\hoteltotal\storage\framework\compiled.php(11728): Illuminate\Pipeline\Pipeline->Illuminate\Pipeline\{closure}(Object(Illuminate\Http\Request))
#37 C:\xampp\htdocs\hoteltotal\storage\framework\compiled.php(8887): Illuminate\Cookie\Middleware\AddQueuedCookiesToResponse->handle(Object(Illuminate\Http\Request), Object(Closure))
#38 C:\xampp\htdocs\hoteltotal\storage\framework\compiled.php(11677): Illuminate\Pipeline\Pipeline->Illuminate\Pipeline\{closure}(Object(Illuminate\Http\Request))
#39 C:\xampp\htdocs\hoteltotal\storage\framework\compiled.php(8887): Illuminate\Cookie\Middleware\EncryptCookies->handle(Object(Illuminate\Http\Request), Object(Closure))
#40 C:\xampp\htdocs\hoteltotal\storage\framework\compiled.php(2440): Illuminate\Pipeline\Pipeline->Illuminate\Pipeline\{closure}(Object(Illuminate\Http\Request))
#41 C:\xampp\htdocs\hoteltotal\storage\framework\compiled.php(8887): Illuminate\Foundation\Http\Middleware\CheckForMaintenanceMode->handle(Object(Illuminate\Http\Request), Object(Closure))
#42 [internal function]: Illuminate\Pipeline\Pipeline->Illuminate\Pipeline\{closure}(Object(Illuminate\Http\Request))
#43 C:\xampp\htdocs\hoteltotal\storage\framework\compiled.php(8878): call_user_func(Object(Closure), Object(Illuminate\Http\Request))
#44 C:\xampp\htdocs\hoteltotal\storage\framework\compiled.php(1879): Illuminate\Pipeline\Pipeline->then(Object(Closure))
#45 C:\xampp\htdocs\hoteltotal\storage\framework\compiled.php(1868): Illuminate\Foundation\Http\Kernel->sendRequestThroughRouter(Object(Illuminate\Http\Request))
#46 C:\xampp\htdocs\hoteltotal\public\index.php(53): Illuminate\Foundation\Http\Kernel->handle(Object(Illuminate\Http\Request))
#47 {main}  
