[2015-02-24 15:52:09] local.ERROR: exception 'InvalidArgumentException' with message 'View [nosotros.] not found.' in C:\xampp\htdocs\hoteltotal\storage\framework\compiled.php:12829
Stack trace:
#0 C:\xampp\htdocs\hoteltotal\storage\framework\compiled.php(12802): Illuminate\View\FileViewFinder->findInPaths('nosotros.', Array)
#1 C:\xampp\htdocs\hoteltotal\storage\framework\compiled.php(12927): Illuminate\View\FileViewFinder->find('nosotros.')
#2 C:\xampp\htdocs\hoteltotal\vendor\laravel\framework\src\Illuminate\Routing\ResponseFactory.php(68): Illuminate\View\Factory->make('nosotros.', Array)
#3 C:\xampp\htdocs\hoteltotal\storage\framework\compiled.php(5247): Illuminate\Routing\ResponseFactory->view('nosotros.')
#4 C:\xampp\htdocs\hoteltotal\app\Http\routes.php(17): Illuminate\Support\Facades\Facade::__callStatic('view', Array)
#5 C:\xampp\htdocs\hoteltotal\app\Http\routes.php(17): Illuminate\Support\Facades\Response::view('nosotros.')
#6 [internal function]: App\Providers\RouteServiceProvider->{closure}()
#7 C:\xampp\htdocs\hoteltotal\storage\framework\compiled.php(7241): call_user_func_array(Object(Closure), Array)
#8 C:\xampp\htdocs\hoteltotal\storage\framework\compiled.php(7228): Illuminate\Routing\Route->runCallable(Object(Illuminate\Http\Request))
#9 C:\xampp\htdocs\hoteltotal\storage\framework\compiled.php(6897): Illuminate\Routing\Route->run(Object(Illuminate\Http\Request))
#10 [internal function]: Illuminate\Routing\Router->Illuminate\Routing\{closure}(Object(Illuminate\Http\Request))
#11 C:\xampp\htdocs\hoteltotal\storage\framework\compiled.php(8895): call_user_func(Object(Closure), Object(Illuminate\Http\Request))
#12 [internal function]: Illuminate\Pipeline\Pipeline->Illuminate\Pipeline\{closure}(Object(Illuminate\Http\Request))
#13 C:\xampp\htdocs\hoteltotal\storage\framework\compiled.php(8878): call_user_func(Object(Closure), Object(Illuminate\Http\Request))
#14 C:\xampp\htdocs\hoteltotal\storage\framework\compiled.php(6898): Illuminate\Pipeline\Pipeline->then(Object(Closure))
#15 C:\xampp\htdocs\hoteltotal\storage\framework\compiled.php(6887): Illuminate\Routing\Router->runRouteWithinStack(Object(Illuminate\Routing\Route), Object(Illuminate\Http\Request))
#16 C:\xampp\htdocs\hoteltotal\storage\framework\compiled.php(6872): Illuminate\Routing\Router->dispatchToRoute(Object(Illuminate\Http\Request))
#17 C:\xampp\htdocs\hoteltotal\storage\framework\compiled.php(1901): Illuminate\Routing\Router->dispatch(Object(Illuminate\Http\Request))
#18 [internal function]: Illuminate\Foundation\Http\Kernel->Illuminate\Foundation\Http\{closure}(Object(Illuminate\Http\Request))
#19 C:\xampp\htdocs\hoteltotal\storage\framework\compiled.php(8895): call_user_func(Object(Closure), Object(Illuminate\Http\Request))
#20 C:\xampp\htdocs\hoteltotal\storage\framework\compiled.php(2400): Illuminate\Pipeline\Pipeline->Illuminate\Pipeline\{closure}(Object(Illuminate\Http\Request))
#21 C:\xampp\htdocs\hoteltotal\app\Http\Middleware\VerifyCsrfToken.php(17): Illuminate\Foundation\Http\Middleware\VerifyCsrfToken->handle(Object(Illuminate\Http\Request), Object(Closure))
#22 C:\xampp\htdocs\hoteltotal\storage\framework\compiled.php(8887): App\Http\Middleware\VerifyCsrfToken->handle(Object(Illuminate\Http\Request), Object(Closure))
#23 C:\xampp\htdocs\hoteltotal\storage\framework\compiled.php(12022): Illuminate\Pipeline\Pipeline->Illuminate\Pipeline\{closure}(Object(Illuminate\Http\Request))
#24 C:\xampp\htdocs\hoteltotal\storage\framework\compiled.php(8887): Illuminate\View\Middleware\ShareErrorsFromSession->handle(Object(Illuminate\Http\Request), Object(Closure))
#25 C:\xampp\htdocs\hoteltotal\storage\framework\compiled.php(10728): Illuminate\Pipeline\Pipeline->Illuminate\Pipeline\{closure}(Object(Illuminate\Http\Request))
#26 C:\xampp\htdocs\hoteltotal\storage\framework\compiled.php(8887): Illuminate\Session\Middleware\StartSession->handle(Object(Illuminate\Http\Request), Object(Closure))
#27 C:\xampp\htdocs\hoteltotal\storage\framework\compiled.php(11728): Illuminate\Pipeline\Pipeline->Illuminate\Pipeline\{closure}(Object(Illuminate\Http\Request))
#28 C:\xampp\htdocs\hoteltotal\storage\framework\compiled.php(8887): Illuminate\Cookie\Middleware\AddQueuedCookiesToResponse->handle(Object(Illuminate\Http\Request), Object(Closure))
#29 C:\xampp\htdocs\hoteltotal\storage\framework\compiled.php(11677): Illuminate\Pipeline\Pipeline->Illuminate\Pipeline\{closure}(Object(Illuminate\Http\Request))
#30 C:\xampp\htdocs\hoteltotal\storage\framework\compiled.php(8887): Illuminate\Cookie\Middleware\EncryptCookies->handle(Object(Illuminate\Http\Request), Object(Closure))
#31 C:\xampp\htdocs\hoteltotal\storage\framework\compiled.php(2440): Illuminate\Pipeline\Pipeline->Illuminate\Pipeline\{closure}(Object(Illuminate\Http\Request))
#32 C:\xampp\htdocs\hoteltotal\storage\framework\compiled.php(8887): Illuminate\Foundation\Http\Middleware\CheckForMaintenanceMode->handle(Object(Illuminate\Http\Request), Object(Closure))
#33 [internal function]: Illuminate\Pipeline\Pipeline->Illuminate\Pipeline\{closure}(Object(Illuminate\Http\Request))
#34 C:\xampp\htdocs\hoteltotal\storage\framework\compiled.php(8878): call_user_func(Object(Closure), Object(Illuminate\Http\Request))
#35 C:\xampp\htdocs\hoteltotal\storage\framework\compiled.php(1879): Illuminate\Pipeline\Pipeline->then(Object(Closure))
#36 C:\xampp\htdocs\hoteltotal\storage\framework\compiled.php(1868): Illuminate\Foundation\Http\Kernel->sendRequestThroughRouter(Object(Illuminate\Http\Request))
#37 C:\xampp\htdocs\hoteltotal\public\index.php(53): Illuminate\Foundation\Http\Kernel->handle(Object(Illuminate\Http\Request))
#38 {main}  
[2015-02-24 16:30:29] local.ERROR: exception 'InvalidArgumentException' with message 'View [nosotros.parnertsyaliados] not found.' in C:\xampp\htdocs\hoteltotal\storage\framework\compiled.php:12829
Stack trace:
#0 C:\xampp\htdocs\hoteltotal\storage\framework\compiled.php(12802): Illuminate\View\FileViewFinder->findInPaths('nosotros.parner...', Array)
#1 C:\xampp\htdocs\hoteltotal\storage\framework\compiled.php(12927): Illuminate\View\FileViewFinder->find('nosotros.parner...')
#2 C:\xampp\htdocs\hoteltotal\vendor\laravel\framework\src\Illuminate\Routing\ResponseFactory.php(68): Illuminate\View\Factory->make('nosotros.parner...', Array)
#3 C:\xampp\htdocs\hoteltotal\storage\framework\compiled.php(5247): Illuminate\Routing\ResponseFactory->view('nosotros.parner...')
#4 C:\xampp\htdocs\hoteltotal\app\Http\routes.php(21): Illuminate\Support\Facades\Facade::__callStatic('view', Array)
#5 C:\xampp\htdocs\hoteltotal\app\Http\routes.php(21): Illuminate\Support\Facades\Response::view('nosotros.parner...')
#6 [internal function]: App\Providers\RouteServiceProvider->{closure}()
#7 C:\xampp\htdocs\hoteltotal\storage\framework\compiled.php(7241): call_user_func_array(Object(Closure), Array)
#8 C:\xampp\htdocs\hoteltotal\storage\framework\compiled.php(7228): Illuminate\Routing\Route->runCallable(Object(Illuminate\Http\Request))
#9 C:\xampp\htdocs\hoteltotal\storage\framework\compiled.php(6897): Illuminate\Routing\Route->run(Object(Illuminate\Http\Request))
#10 [internal function]: Illuminate\Routing\Router->Illuminate\Routing\{closure}(Object(Illuminate\Http\Request))
#11 C:\xampp\htdocs\hoteltotal\storage\framework\compiled.php(8895): call_user_func(Object(Closure), Object(Illuminate\Http\Request))
#12 [internal function]: Illuminate\Pipeline\Pipeline->Illuminate\Pipeline\{closure}(Object(Illuminate\Http\Request))
#13 C:\xampp\htdocs\hoteltotal\storage\framework\compiled.php(8878): call_user_func(Object(Closure), Object(Illuminate\Http\Request))
#14 C:\xampp\htdocs\hoteltotal\storage\framework\compiled.php(6898): Illuminate\Pipeline\Pipeline->then(Object(Closure))
#15 C:\xampp\htdocs\hoteltotal\storage\framework\compiled.php(6887): Illuminate\Routing\Router->runRouteWithinStack(Object(Illuminate\Routing\Route), Object(Illuminate\Http\Request))
#16 C:\xampp\htdocs\hoteltotal\storage\framework\compiled.php(6872): Illuminate\Routing\Router->dispatchToRoute(Object(Illuminate\Http\Request))
#17 C:\xampp\htdocs\hoteltotal\storage\framework\compiled.php(1901): Illuminate\Routing\Router->dispatch(Object(Illuminate\Http\Request))
#18 [internal function]: Illuminate\Foundation\Http\Kernel->Illuminate\Foundation\Http\{closure}(Object(Illuminate\Http\Request))
#19 C:\xampp\htdocs\hoteltotal\storage\framework\compiled.php(8895): call_user_func(Object(Closure), Object(Illuminate\Http\Request))
#20 C:\xampp\htdocs\hoteltotal\storage\framework\compiled.php(2400): Illuminate\Pipeline\Pipeline->Illuminate\Pipeline\{closure}(Object(Illuminate\Http\Request))
#21 C:\xampp\htdocs\hoteltotal\app\Http\Middleware\VerifyCsrfToken.php(17): Illuminate\Foundation\Http\Middleware\VerifyCsrfToken->handle(Object(Illuminate\Http\Request), Object(Closure))
#22 C:\xampp\htdocs\hoteltotal\storage\framework\compiled.php(8887): App\Http\Middleware\VerifyCsrfToken->handle(Object(Illuminate\Http\Request), Object(Closure))
#23 C:\xampp\htdocs\hoteltotal\storage\framework\compiled.php(12022): Illuminate\Pipeline\Pipeline->Illuminate\Pipeline\{closure}(Object(Illuminate\Http\Request))
#24 C:\xampp\htdocs\hoteltotal\storage\framework\compiled.php(8887): Illuminate\View\Middleware\ShareErrorsFromSession->handle(Object(Illuminate\Http\Request), Object(Closure))
#25 C:\xampp\htdocs\hoteltotal\storage\framework\compiled.php(10728): Illuminate\Pipeline\Pipeline->Illuminate\Pipeline\{closure}(Object(Illuminate\Http\Request))
#26 C:\xampp\htdocs\hoteltotal\storage\framework\compiled.php(8887): Illuminate\Session\Middleware\StartSession->handle(Object(Illuminate\Http\Request), Object(Closure))
#27 C:\xampp\htdocs\hoteltotal\storage\framework\compiled.php(11728): Illuminate\Pipeline\Pipeline->Illuminate\Pipeline\{closure}(Object(Illuminate\Http\Request))
#28 C:\xampp\htdocs\hoteltotal\storage\framework\compiled.php(8887): Illuminate\Cookie\Middleware\AddQueuedCookiesToResponse->handle(Object(Illuminate\Http\Request), Object(Closure))
#29 C:\xampp\htdocs\hoteltotal\storage\framework\compiled.php(11677): Illuminate\Pipeline\Pipeline->Illuminate\Pipeline\{closure}(Object(Illuminate\Http\Request))
#30 C:\xampp\htdocs\hoteltotal\storage\framework\compiled.php(8887): Illuminate\Cookie\Middleware\EncryptCookies->handle(Object(Illuminate\Http\Request), Object(Closure))
#31 C:\xampp\htdocs\hoteltotal\storage\framework\compiled.php(2440): Illuminate\Pipeline\Pipeline->Illuminate\Pipeline\{closure}(Object(Illuminate\Http\Request))
#32 C:\xampp\htdocs\hoteltotal\storage\framework\compiled.php(8887): Illuminate\Foundation\Http\Middleware\CheckForMaintenanceMode->handle(Object(Illuminate\Http\Request), Object(Closure))
#33 [internal function]: Illuminate\Pipeline\Pipeline->Illuminate\Pipeline\{closure}(Object(Illuminate\Http\Request))
#34 C:\xampp\htdocs\hoteltotal\storage\framework\compiled.php(8878): call_user_func(Object(Closure), Object(Illuminate\Http\Request))
#35 C:\xampp\htdocs\hoteltotal\storage\framework\compiled.php(1879): Illuminate\Pipeline\Pipeline->then(Object(Closure))
#36 C:\xampp\htdocs\hoteltotal\storage\framework\compiled.php(1868): Illuminate\Foundation\Http\Kernel->sendRequestThroughRouter(Object(Illuminate\Http\Request))
#37 C:\xampp\htdocs\hoteltotal\public\index.php(53): Illuminate\Foundation\Http\Kernel->handle(Object(Illuminate\Http\Request))
#38 {main}  
[2015-02-24 22:21:52] local.ERROR: exception 'InvalidArgumentException' with message 'View [nosotros.partnersyaliados] not found.' in C:\xampp\htdocs\hoteltotal\storage\framework\compiled.php:12829
Stack trace:
#0 C:\xampp\htdocs\hoteltotal\storage\framework\compiled.php(12802): Illuminate\View\FileViewFinder->findInPaths('nosotros.partne...', Array)
#1 C:\xampp\htdocs\hoteltotal\storage\framework\compiled.php(12927): Illuminate\View\FileViewFinder->find('nosotros.partne...')
#2 C:\xampp\htdocs\hoteltotal\vendor\laravel\framework\src\Illuminate\Routing\ResponseFactory.php(68): Illuminate\View\Factory->make('nosotros.partne...', Array)
#3 C:\xampp\htdocs\hoteltotal\storage\framework\compiled.php(5247): Illuminate\Routing\ResponseFactory->view('nosotros.partne...')
#4 C:\xampp\htdocs\hoteltotal\app\Http\routes.php(21): Illuminate\Support\Facades\Facade::__callStatic('view', Array)
#5 C:\xampp\htdocs\hoteltotal\app\Http\routes.php(21): Illuminate\Support\Facades\Response::view('nosotros.partne...')
#6 [internal function]: App\Providers\RouteServiceProvider->{closure}()
#7 C:\xampp\htdocs\hoteltotal\storage\framework\compiled.php(7241): call_user_func_array(Object(Closure), Array)
#8 C:\xampp\htdocs\hoteltotal\storage\framework\compiled.php(7228): Illuminate\Routing\Route->runCallable(Object(Illuminate\Http\Request))
#9 C:\xampp\htdocs\hoteltotal\storage\framework\compiled.php(6897): Illuminate\Routing\Route->run(Object(Illuminate\Http\Request))
#10 [internal function]: Illuminate\Routing\Router->Illuminate\Routing\{closure}(Object(Illuminate\Http\Request))
#11 C:\xampp\htdocs\hoteltotal\storage\framework\compiled.php(8895): call_user_func(Object(Closure), Object(Illuminate\Http\Request))
#12 [internal function]: Illuminate\Pipeline\Pipeline->Illuminate\Pipeline\{closure}(Object(Illuminate\Http\Request))
#13 C:\xampp\htdocs\hoteltotal\storage\framework\compiled.php(8878): call_user_func(Object(Closure), Object(Illuminate\Http\Request))
#14 C:\xampp\htdocs\hoteltotal\storage\framework\compiled.php(6898): Illuminate\Pipeline\Pipeline->then(Object(Closure))
#15 C:\xampp\htdocs\hoteltotal\storage\framework\compiled.php(6887): Illuminate\Routing\Router->runRouteWithinStack(Object(Illuminate\Routing\Route), Object(Illuminate\Http\Request))
#16 C:\xampp\htdocs\hoteltotal\storage\framework\compiled.php(6872): Illuminate\Routing\Router->dispatchToRoute(Object(Illuminate\Http\Request))
#17 C:\xampp\htdocs\hoteltotal\storage\framework\compiled.php(1901): Illuminate\Routing\Router->dispatch(Object(Illuminate\Http\Request))
#18 [internal function]: Illuminate\Foundation\Http\Kernel->Illuminate\Foundation\Http\{closure}(Object(Illuminate\Http\Request))
#19 C:\xampp\htdocs\hoteltotal\storage\framework\compiled.php(8895): call_user_func(Object(Closure), Object(Illuminate\Http\Request))
#20 C:\xampp\htdocs\hoteltotal\storage\framework\compiled.php(2400): Illuminate\Pipeline\Pipeline->Illuminate\Pipeline\{closure}(Object(Illuminate\Http\Request))
#21 C:\xampp\htdocs\hoteltotal\app\Http\Middleware\VerifyCsrfToken.php(17): Illuminate\Foundation\Http\Middleware\VerifyCsrfToken->handle(Object(Illuminate\Http\Request), Object(Closure))
#22 C:\xampp\htdocs\hoteltotal\storage\framework\compiled.php(8887): App\Http\Middleware\VerifyCsrfToken->handle(Object(Illuminate\Http\Request), Object(Closure))
#23 C:\xampp\htdocs\hoteltotal\storage\framework\compiled.php(12022): Illuminate\Pipeline\Pipeline->Illuminate\Pipeline\{closure}(Object(Illuminate\Http\Request))
#24 C:\xampp\htdocs\hoteltotal\storage\framework\compiled.php(8887): Illuminate\View\Middleware\ShareErrorsFromSession->handle(Object(Illuminate\Http\Request), Object(Closure))
#25 C:\xampp\htdocs\hoteltotal\storage\framework\compiled.php(10728): Illuminate\Pipeline\Pipeline->Illuminate\Pipeline\{closure}(Object(Illuminate\Http\Request))
#26 C:\xampp\htdocs\hoteltotal\storage\framework\compiled.php(8887): Illuminate\Session\Middleware\StartSession->handle(Object(Illuminate\Http\Request), Object(Closure))
#27 C:\xampp\htdocs\hoteltotal\storage\framework\compiled.php(11728): Illuminate\Pipeline\Pipeline->Illuminate\Pipeline\{closure}(Object(Illuminate\Http\Request))
#28 C:\xampp\htdocs\hoteltotal\storage\framework\compiled.php(8887): Illuminate\Cookie\Middleware\AddQueuedCookiesToResponse->handle(Object(Illuminate\Http\Request), Object(Closure))
#29 C:\xampp\htdocs\hoteltotal\storage\framework\compiled.php(11677): Illuminate\Pipeline\Pipeline->Illuminate\Pipeline\{closure}(Object(Illuminate\Http\Request))
#30 C:\xampp\htdocs\hoteltotal\storage\framework\compiled.php(8887): Illuminate\Cookie\Middleware\EncryptCookies->handle(Object(Illuminate\Http\Request), Object(Closure))
#31 C:\xampp\htdocs\hoteltotal\storage\framework\compiled.php(2440): Illuminate\Pipeline\Pipeline->Illuminate\Pipeline\{closure}(Object(Illuminate\Http\Request))
#32 C:\xampp\htdocs\hoteltotal\storage\framework\compiled.php(8887): Illuminate\Foundation\Http\Middleware\CheckForMaintenanceMode->handle(Object(Illuminate\Http\Request), Object(Closure))
#33 [internal function]: Illuminate\Pipeline\Pipeline->Illuminate\Pipeline\{closure}(Object(Illuminate\Http\Request))
#34 C:\xampp\htdocs\hoteltotal\storage\framework\compiled.php(8878): call_user_func(Object(Closure), Object(Illuminate\Http\Request))
#35 C:\xampp\htdocs\hoteltotal\storage\framework\compiled.php(1879): Illuminate\Pipeline\Pipeline->then(Object(Closure))
#36 C:\xampp\htdocs\hoteltotal\storage\framework\compiled.php(1868): Illuminate\Foundation\Http\Kernel->sendRequestThroughRouter(Object(Illuminate\Http\Request))
#37 C:\xampp\htdocs\hoteltotal\public\index.php(53): Illuminate\Foundation\Http\Kernel->handle(Object(Illuminate\Http\Request))
#38 {main}  
