[2015-03-12 19:37:02] local.ERROR: exception 'ErrorException' with message 'Use of undefined constant description - assumed 'description'' in C:\xampp\htdocs\hoteltotal\storage\framework\views\deac0cc844d2804e1f5d67ecca697855:11
Stack trace:
#0 C:\xampp\htdocs\hoteltotal\storage\framework\views\deac0cc844d2804e1f5d67ecca697855(11): Illuminate\Foundation\Bootstrap\HandleExceptions->handleError(8, 'Use of undefine...', 'C:\xampp\htdocs...', 11, Array)
#1 C:\xampp\htdocs\hoteltotal\storage\framework\compiled.php(13581): include('C:\xampp\htdocs...')
#2 C:\xampp\htdocs\hoteltotal\storage\framework\compiled.php(13614): Illuminate\View\Engines\PhpEngine->evaluatePath('C:\xampp\htdocs...', Array)
#3 C:\xampp\htdocs\hoteltotal\storage\framework\compiled.php(13454): Illuminate\View\Engines\CompilerEngine->get('C:\xampp\htdocs...', Array)
#4 C:\xampp\htdocs\hoteltotal\storage\framework\compiled.php(13441): Illuminate\View\View->getContents()
#5 C:\xampp\htdocs\hoteltotal\storage\framework\compiled.php(13432): Illuminate\View\View->renderContents()
#6 C:\xampp\htdocs\hoteltotal\storage\framework\compiled.php(14528): Illuminate\View\View->render()
#7 C:\xampp\htdocs\hoteltotal\storage\framework\compiled.php(14057): Illuminate\Http\Response->setContent(Object(Illuminate\View\View))
#8 C:\xampp\htdocs\hoteltotal\storage\framework\compiled.php(7097): Symfony\Component\HttpFoundation\Response->__construct(Object(Illuminate\View\View))
#9 C:\xampp\htdocs\hoteltotal\storage\framework\compiled.php(6897): Illuminate\Routing\Router->prepareResponse(Object(Illuminate\Http\Request), Object(Illuminate\View\View))
#10 [internal function]: Illuminate\Routing\Router->Illuminate\Routing\{closure}(Object(Illuminate\Http\Request))
#11 C:\xampp\htdocs\hoteltotal\storage\framework\compiled.php(8895): call_user_func(Object(Closure), Object(Illuminate\Http\Request))
#12 [internal function]: Illuminate\Pipeline\Pipeline->Illuminate\Pipeline\{closure}(Object(Illuminate\Http\Request))
#13 C:\xampp\htdocs\hoteltotal\storage\framework\compiled.php(8878): call_user_func(Object(Closure), Object(Illuminate\Http\Request))
#14 C:\xampp\htdocs\hoteltotal\storage\framework\compiled.php(6898): Illuminate\Pipeline\Pipeline->then(Object(Closure))
#15 C:\xampp\htdocs\hoteltotal\storage\framework\compiled.php(6887): Illuminate\Routing\Router->runRouteWithinStack(Object(Illuminate\Routing\Route), Object(Illuminate\Http\Request))
#16 C:\xampp\htdocs\hoteltotal\storage\framework\compiled.php(6872): Illuminate\Routing\Router->dispatchToRoute(Object(Illuminate\Http\Request))
#17 C:\xampp\htdocs\hoteltotal\storage\framework\compiled.php(1901): Illuminate\Routing\Router->dispatch(Object(Illuminate\Http\Request))
#18 [internal function]: Illuminate\Foundation\Http\Kernel->Illuminate\Foundation\Http\{closure}(Object(Illuminate\Http\Request))
#19 C:\xampp\htdocs\hoteltotal\storage\framework\compiled.php(8895): call_user_func(Object(Closure), Object(Illuminate\Http\Request))
#20 C:\xampp\htdocs\hoteltotal\storage\framework\compiled.php(2400): Illuminate\Pipeline\Pipeline->Illuminate\Pipeline\{closure}(Object(Illuminate\Http\Request))
#21 C:\xampp\htdocs\hoteltotal\app\Http\Middleware\VerifyCsrfToken.php(17): Illuminate\Foundation\Http\Middleware\VerifyCsrfToken->handle(Object(Illuminate\Http\Request), Object(Closure))
#22 C:\xampp\htdocs\hoteltotal\storage\framework\compiled.php(8887): App\Http\Middleware\VerifyCsrfToken->handle(Object(Illuminate\Http\Request), Object(Closure))
#23 C:\xampp\htdocs\hoteltotal\storage\framework\compiled.php(12022): Illuminate\Pipeline\Pipeline->Illuminate\Pipeline\{closure}(Object(Illuminate\Http\Request))
#24 C:\xampp\htdocs\hoteltotal\storage\framework\compiled.php(8887): Illuminate\View\Middleware\ShareErrorsFromSession->handle(Object(Illuminate\Http\Request), Object(Closure))
#25 C:\xampp\htdocs\hoteltotal\storage\framework\compiled.php(10728): Illuminate\Pipeline\Pipeline->Illuminate\Pipeline\{closure}(Object(Illuminate\Http\Request))
#26 C:\xampp\htdocs\hoteltotal\storage\framework\compiled.php(8887): Illuminate\Session\Middleware\StartSession->handle(Object(Illuminate\Http\Request), Object(Closure))
#27 C:\xampp\htdocs\hoteltotal\storage\framework\compiled.php(11728): Illuminate\Pipeline\Pipeline->Illuminate\Pipeline\{closure}(Object(Illuminate\Http\Request))
#28 C:\xampp\htdocs\hoteltotal\storage\framework\compiled.php(8887): Illuminate\Cookie\Middleware\AddQueuedCookiesToResponse->handle(Object(Illuminate\Http\Request), Object(Closure))
#29 C:\xampp\htdocs\hoteltotal\storage\framework\compiled.php(11677): Illuminate\Pipeline\Pipeline->Illuminate\Pipeline\{closure}(Object(Illuminate\Http\Request))
#30 C:\xampp\htdocs\hoteltotal\storage\framework\compiled.php(8887): Illuminate\Cookie\Middleware\EncryptCookies->handle(Object(Illuminate\Http\Request), Object(Closure))
#31 C:\xampp\htdocs\hoteltotal\storage\framework\compiled.php(2440): Illuminate\Pipeline\Pipeline->Illuminate\Pipeline\{closure}(Object(Illuminate\Http\Request))
#32 C:\xampp\htdocs\hoteltotal\storage\framework\compiled.php(8887): Illuminate\Foundation\Http\Middleware\CheckForMaintenanceMode->handle(Object(Illuminate\Http\Request), Object(Closure))
#33 [internal function]: Illuminate\Pipeline\Pipeline->Illuminate\Pipeline\{closure}(Object(Illuminate\Http\Request))
#34 C:\xampp\htdocs\hoteltotal\storage\framework\compiled.php(8878): call_user_func(Object(Closure), Object(Illuminate\Http\Request))
#35 C:\xampp\htdocs\hoteltotal\storage\framework\compiled.php(1879): Illuminate\Pipeline\Pipeline->then(Object(Closure))
#36 C:\xampp\htdocs\hoteltotal\storage\framework\compiled.php(1868): Illuminate\Foundation\Http\Kernel->sendRequestThroughRouter(Object(Illuminate\Http\Request))
#37 C:\xampp\htdocs\hoteltotal\public\index.php(53): Illuminate\Foundation\Http\Kernel->handle(Object(Illuminate\Http\Request))
#38 {main}

Next exception 'ErrorException' with message 'Use of undefined constant description - assumed 'description' (View: C:\xampp\htdocs\hoteltotal\resources\views\welcome.blade.php)' in C:\xampp\htdocs\hoteltotal\storage\framework\views\deac0cc844d2804e1f5d67ecca697855:11
Stack trace:
#0 C:\xampp\htdocs\hoteltotal\storage\framework\compiled.php(13583): Illuminate\View\Engines\CompilerEngine->handleViewException(Object(ErrorException), 1)
#1 C:\xampp\htdocs\hoteltotal\storage\framework\compiled.php(13614): Illuminate\View\Engines\PhpEngine->evaluatePath('C:\xampp\htdocs...', Array)
#2 C:\xampp\htdocs\hoteltotal\storage\framework\compiled.php(13454): Illuminate\View\Engines\CompilerEngine->get('C:\xampp\htdocs...', Array)
#3 C:\xampp\htdocs\hoteltotal\storage\framework\compiled.php(13441): Illuminate\View\View->getContents()
#4 C:\xampp\htdocs\hoteltotal\storage\framework\compiled.php(13432): Illuminate\View\View->renderContents()
#5 C:\xampp\htdocs\hoteltotal\storage\framework\compiled.php(14528): Illuminate\View\View->render()
#6 C:\xampp\htdocs\hoteltotal\storage\framework\compiled.php(14057): Illuminate\Http\Response->setContent(Object(Illuminate\View\View))
#7 C:\xampp\htdocs\hoteltotal\storage\framework\compiled.php(7097): Symfony\Component\HttpFoundation\Response->__construct(Object(Illuminate\View\View))
#8 C:\xampp\htdocs\hoteltotal\storage\framework\compiled.php(6897): Illuminate\Routing\Router->prepareResponse(Object(Illuminate\Http\Request), Object(Illuminate\View\View))
#9 [internal function]: Illuminate\Routing\Router->Illuminate\Routing\{closure}(Object(Illuminate\Http\Request))
#10 C:\xampp\htdocs\hoteltotal\storage\framework\compiled.php(8895): call_user_func(Object(Closure), Object(Illuminate\Http\Request))
#11 [internal function]: Illuminate\Pipeline\Pipeline->Illuminate\Pipeline\{closure}(Object(Illuminate\Http\Request))
#12 C:\xampp\htdocs\hoteltotal\storage\framework\compiled.php(8878): call_user_func(Object(Closure), Object(Illuminate\Http\Request))
#13 C:\xampp\htdocs\hoteltotal\storage\framework\compiled.php(6898): Illuminate\Pipeline\Pipeline->then(Object(Closure))
#14 C:\xampp\htdocs\hoteltotal\storage\framework\compiled.php(6887): Illuminate\Routing\Router->runRouteWithinStack(Object(Illuminate\Routing\Route), Object(Illuminate\Http\Request))
#15 C:\xampp\htdocs\hoteltotal\storage\framework\compiled.php(6872): Illuminate\Routing\Router->dispatchToRoute(Object(Illuminate\Http\Request))
#16 C:\xampp\htdocs\hoteltotal\storage\framework\compiled.php(1901): Illuminate\Routing\Router->dispatch(Object(Illuminate\Http\Request))
#17 [internal function]: Illuminate\Foundation\Http\Kernel->Illuminate\Foundation\Http\{closure}(Object(Illuminate\Http\Request))
#18 C:\xampp\htdocs\hoteltotal\storage\framework\compiled.php(8895): call_user_func(Object(Closure), Object(Illuminate\Http\Request))
#19 C:\xampp\htdocs\hoteltotal\storage\framework\compiled.php(2400): Illuminate\Pipeline\Pipeline->Illuminate\Pipeline\{closure}(Object(Illuminate\Http\Request))
#20 C:\xampp\htdocs\hoteltotal\app\Http\Middleware\VerifyCsrfToken.php(17): Illuminate\Foundation\Http\Middleware\VerifyCsrfToken->handle(Object(Illuminate\Http\Request), Object(Closure))
#21 C:\xampp\htdocs\hoteltotal\storage\framework\compiled.php(8887): App\Http\Middleware\VerifyCsrfToken->handle(Object(Illuminate\Http\Request), Object(Closure))
#22 C:\xampp\htdocs\hoteltotal\storage\framework\compiled.php(12022): Illuminate\Pipeline\Pipeline->Illuminate\Pipeline\{closure}(Object(Illuminate\Http\Request))
#23 C:\xampp\htdocs\hoteltotal\storage\framework\compiled.php(8887): Illuminate\View\Middleware\ShareErrorsFromSession->handle(Object(Illuminate\Http\Request), Object(Closure))
#24 C:\xampp\htdocs\hoteltotal\storage\framework\compiled.php(10728): Illuminate\Pipeline\Pipeline->Illuminate\Pipeline\{closure}(Object(Illuminate\Http\Request))
#25 C:\xampp\htdocs\hoteltotal\storage\framework\compiled.php(8887): Illuminate\Session\Middleware\StartSession->handle(Object(Illuminate\Http\Request), Object(Closure))
#26 C:\xampp\htdocs\hoteltotal\storage\framework\compiled.php(11728): Illuminate\Pipeline\Pipeline->Illuminate\Pipeline\{closure}(Object(Illuminate\Http\Request))
#27 C:\xampp\htdocs\hoteltotal\storage\framework\compiled.php(8887): Illuminate\Cookie\Middleware\AddQueuedCookiesToResponse->handle(Object(Illuminate\Http\Request), Object(Closure))
#28 C:\xampp\htdocs\hoteltotal\storage\framework\compiled.php(11677): Illuminate\Pipeline\Pipeline->Illuminate\Pipeline\{closure}(Object(Illuminate\Http\Request))
#29 C:\xampp\htdocs\hoteltotal\storage\framework\compiled.php(8887): Illuminate\Cookie\Middleware\EncryptCookies->handle(Object(Illuminate\Http\Request), Object(Closure))
#30 C:\xampp\htdocs\hoteltotal\storage\framework\compiled.php(2440): Illuminate\Pipeline\Pipeline->Illuminate\Pipeline\{closure}(Object(Illuminate\Http\Request))
#31 C:\xampp\htdocs\hoteltotal\storage\framework\compiled.php(8887): Illuminate\Foundation\Http\Middleware\CheckForMaintenanceMode->handle(Object(Illuminate\Http\Request), Object(Closure))
#32 [internal function]: Illuminate\Pipeline\Pipeline->Illuminate\Pipeline\{closure}(Object(Illuminate\Http\Request))
#33 C:\xampp\htdocs\hoteltotal\storage\framework\compiled.php(8878): call_user_func(Object(Closure), Object(Illuminate\Http\Request))
#34 C:\xampp\htdocs\hoteltotal\storage\framework\compiled.php(1879): Illuminate\Pipeline\Pipeline->then(Object(Closure))
#35 C:\xampp\htdocs\hoteltotal\storage\framework\compiled.php(1868): Illuminate\Foundation\Http\Kernel->sendRequestThroughRouter(Object(Illuminate\Http\Request))
#36 C:\xampp\htdocs\hoteltotal\public\index.php(53): Illuminate\Foundation\Http\Kernel->handle(Object(Illuminate\Http\Request))
#37 {main}  
[2015-03-12 19:38:43] local.ERROR: exception 'ErrorException' with message 'Use of undefined constant description - assumed 'description'' in C:\xampp\htdocs\hoteltotal\storage\framework\views\deac0cc844d2804e1f5d67ecca697855:11
Stack trace:
#0 C:\xampp\htdocs\hoteltotal\storage\framework\views\deac0cc844d2804e1f5d67ecca697855(11): Illuminate\Foundation\Bootstrap\HandleExceptions->handleError(8, 'Use of undefine...', 'C:\xampp\htdocs...', 11, Array)
#1 C:\xampp\htdocs\hoteltotal\storage\framework\compiled.php(13581): include('C:\xampp\htdocs...')
#2 C:\xampp\htdocs\hoteltotal\storage\framework\compiled.php(13614): Illuminate\View\Engines\PhpEngine->evaluatePath('C:\xampp\htdocs...', Array)
#3 C:\xampp\htdocs\hoteltotal\storage\framework\compiled.php(13454): Illuminate\View\Engines\CompilerEngine->get('C:\xampp\htdocs...', Array)
#4 C:\xampp\htdocs\hoteltotal\storage\framework\compiled.php(13441): Illuminate\View\View->getContents()
#5 C:\xampp\htdocs\hoteltotal\storage\framework\compiled.php(13432): Illuminate\View\View->renderContents()
#6 C:\xampp\htdocs\hoteltotal\storage\framework\compiled.php(14528): Illuminate\View\View->render()
#7 C:\xampp\htdocs\hoteltotal\storage\framework\compiled.php(14057): Illuminate\Http\Response->setContent(Object(Illuminate\View\View))
#8 C:\xampp\htdocs\hoteltotal\storage\framework\compiled.php(7097): Symfony\Component\HttpFoundation\Response->__construct(Object(Illuminate\View\View))
#9 C:\xampp\htdocs\hoteltotal\storage\framework\compiled.php(6897): Illuminate\Routing\Router->prepareResponse(Object(Illuminate\Http\Request), Object(Illuminate\View\View))
#10 [internal function]: Illuminate\Routing\Router->Illuminate\Routing\{closure}(Object(Illuminate\Http\Request))
#11 C:\xampp\htdocs\hoteltotal\storage\framework\compiled.php(8895): call_user_func(Object(Closure), Object(Illuminate\Http\Request))
#12 [internal function]: Illuminate\Pipeline\Pipeline->Illuminate\Pipeline\{closure}(Object(Illuminate\Http\Request))
#13 C:\xampp\htdocs\hoteltotal\storage\framework\compiled.php(8878): call_user_func(Object(Closure), Object(Illuminate\Http\Request))
#14 C:\xampp\htdocs\hoteltotal\storage\framework\compiled.php(6898): Illuminate\Pipeline\Pipeline->then(Object(Closure))
#15 C:\xampp\htdocs\hoteltotal\storage\framework\compiled.php(6887): Illuminate\Routing\Router->runRouteWithinStack(Object(Illuminate\Routing\Route), Object(Illuminate\Http\Request))
#16 C:\xampp\htdocs\hoteltotal\storage\framework\compiled.php(6872): Illuminate\Routing\Router->dispatchToRoute(Object(Illuminate\Http\Request))
#17 C:\xampp\htdocs\hoteltotal\storage\framework\compiled.php(1901): Illuminate\Routing\Router->dispatch(Object(Illuminate\Http\Request))
#18 [internal function]: Illuminate\Foundation\Http\Kernel->Illuminate\Foundation\Http\{closure}(Object(Illuminate\Http\Request))
#19 C:\xampp\htdocs\hoteltotal\storage\framework\compiled.php(8895): call_user_func(Object(Closure), Object(Illuminate\Http\Request))
#20 C:\xampp\htdocs\hoteltotal\storage\framework\compiled.php(2400): Illuminate\Pipeline\Pipeline->Illuminate\Pipeline\{closure}(Object(Illuminate\Http\Request))
#21 C:\xampp\htdocs\hoteltotal\app\Http\Middleware\VerifyCsrfToken.php(17): Illuminate\Foundation\Http\Middleware\VerifyCsrfToken->handle(Object(Illuminate\Http\Request), Object(Closure))
#22 C:\xampp\htdocs\hoteltotal\storage\framework\compiled.php(8887): App\Http\Middleware\VerifyCsrfToken->handle(Object(Illuminate\Http\Request), Object(Closure))
#23 C:\xampp\htdocs\hoteltotal\storage\framework\compiled.php(12022): Illuminate\Pipeline\Pipeline->Illuminate\Pipeline\{closure}(Object(Illuminate\Http\Request))
#24 C:\xampp\htdocs\hoteltotal\storage\framework\compiled.php(8887): Illuminate\View\Middleware\ShareErrorsFromSession->handle(Object(Illuminate\Http\Request), Object(Closure))
#25 C:\xampp\htdocs\hoteltotal\storage\framework\compiled.php(10728): Illuminate\Pipeline\Pipeline->Illuminate\Pipeline\{closure}(Object(Illuminate\Http\Request))
#26 C:\xampp\htdocs\hoteltotal\storage\framework\compiled.php(8887): Illuminate\Session\Middleware\StartSession->handle(Object(Illuminate\Http\Request), Object(Closure))
#27 C:\xampp\htdocs\hoteltotal\storage\framework\compiled.php(11728): Illuminate\Pipeline\Pipeline->Illuminate\Pipeline\{closure}(Object(Illuminate\Http\Request))
#28 C:\xampp\htdocs\hoteltotal\storage\framework\compiled.php(8887): Illuminate\Cookie\Middleware\AddQueuedCookiesToResponse->handle(Object(Illuminate\Http\Request), Object(Closure))
#29 C:\xampp\htdocs\hoteltotal\storage\framework\compiled.php(11677): Illuminate\Pipeline\Pipeline->Illuminate\Pipeline\{closure}(Object(Illuminate\Http\Request))
#30 C:\xampp\htdocs\hoteltotal\storage\framework\compiled.php(8887): Illuminate\Cookie\Middleware\EncryptCookies->handle(Object(Illuminate\Http\Request), Object(Closure))
#31 C:\xampp\htdocs\hoteltotal\storage\framework\compiled.php(2440): Illuminate\Pipeline\Pipeline->Illuminate\Pipeline\{closure}(Object(Illuminate\Http\Request))
#32 C:\xampp\htdocs\hoteltotal\storage\framework\compiled.php(8887): Illuminate\Foundation\Http\Middleware\CheckForMaintenanceMode->handle(Object(Illuminate\Http\Request), Object(Closure))
#33 [internal function]: Illuminate\Pipeline\Pipeline->Illuminate\Pipeline\{closure}(Object(Illuminate\Http\Request))
#34 C:\xampp\htdocs\hoteltotal\storage\framework\compiled.php(8878): call_user_func(Object(Closure), Object(Illuminate\Http\Request))
#35 C:\xampp\htdocs\hoteltotal\storage\framework\compiled.php(1879): Illuminate\Pipeline\Pipeline->then(Object(Closure))
#36 C:\xampp\htdocs\hoteltotal\storage\framework\compiled.php(1868): Illuminate\Foundation\Http\Kernel->sendRequestThroughRouter(Object(Illuminate\Http\Request))
#37 C:\xampp\htdocs\hoteltotal\public\index.php(53): Illuminate\Foundation\Http\Kernel->handle(Object(Illuminate\Http\Request))
#38 {main}

Next exception 'ErrorException' with message 'Use of undefined constant description - assumed 'description' (View: C:\xampp\htdocs\hoteltotal\resources\views\welcome.blade.php)' in C:\xampp\htdocs\hoteltotal\storage\framework\views\deac0cc844d2804e1f5d67ecca697855:11
Stack trace:
#0 C:\xampp\htdocs\hoteltotal\storage\framework\compiled.php(13583): Illuminate\View\Engines\CompilerEngine->handleViewException(Object(ErrorException), 1)
#1 C:\xampp\htdocs\hoteltotal\storage\framework\compiled.php(13614): Illuminate\View\Engines\PhpEngine->evaluatePath('C:\xampp\htdocs...', Array)
#2 C:\xampp\htdocs\hoteltotal\storage\framework\compiled.php(13454): Illuminate\View\Engines\CompilerEngine->get('C:\xampp\htdocs...', Array)
#3 C:\xampp\htdocs\hoteltotal\storage\framework\compiled.php(13441): Illuminate\View\View->getContents()
#4 C:\xampp\htdocs\hoteltotal\storage\framework\compiled.php(13432): Illuminate\View\View->renderContents()
#5 C:\xampp\htdocs\hoteltotal\storage\framework\compiled.php(14528): Illuminate\View\View->render()
#6 C:\xampp\htdocs\hoteltotal\storage\framework\compiled.php(14057): Illuminate\Http\Response->setContent(Object(Illuminate\View\View))
#7 C:\xampp\htdocs\hoteltotal\storage\framework\compiled.php(7097): Symfony\Component\HttpFoundation\Response->__construct(Object(Illuminate\View\View))
#8 C:\xampp\htdocs\hoteltotal\storage\framework\compiled.php(6897): Illuminate\Routing\Router->prepareResponse(Object(Illuminate\Http\Request), Object(Illuminate\View\View))
#9 [internal function]: Illuminate\Routing\Router->Illuminate\Routing\{closure}(Object(Illuminate\Http\Request))
#10 C:\xampp\htdocs\hoteltotal\storage\framework\compiled.php(8895): call_user_func(Object(Closure), Object(Illuminate\Http\Request))
#11 [internal function]: Illuminate\Pipeline\Pipeline->Illuminate\Pipeline\{closure}(Object(Illuminate\Http\Request))
#12 C:\xampp\htdocs\hoteltotal\storage\framework\compiled.php(8878): call_user_func(Object(Closure), Object(Illuminate\Http\Request))
#13 C:\xampp\htdocs\hoteltotal\storage\framework\compiled.php(6898): Illuminate\Pipeline\Pipeline->then(Object(Closure))
#14 C:\xampp\htdocs\hoteltotal\storage\framework\compiled.php(6887): Illuminate\Routing\Router->runRouteWithinStack(Object(Illuminate\Routing\Route), Object(Illuminate\Http\Request))
#15 C:\xampp\htdocs\hoteltotal\storage\framework\compiled.php(6872): Illuminate\Routing\Router->dispatchToRoute(Object(Illuminate\Http\Request))
#16 C:\xampp\htdocs\hoteltotal\storage\framework\compiled.php(1901): Illuminate\Routing\Router->dispatch(Object(Illuminate\Http\Request))
#17 [internal function]: Illuminate\Foundation\Http\Kernel->Illuminate\Foundation\Http\{closure}(Object(Illuminate\Http\Request))
#18 C:\xampp\htdocs\hoteltotal\storage\framework\compiled.php(8895): call_user_func(Object(Closure), Object(Illuminate\Http\Request))
#19 C:\xampp\htdocs\hoteltotal\storage\framework\compiled.php(2400): Illuminate\Pipeline\Pipeline->Illuminate\Pipeline\{closure}(Object(Illuminate\Http\Request))
#20 C:\xampp\htdocs\hoteltotal\app\Http\Middleware\VerifyCsrfToken.php(17): Illuminate\Foundation\Http\Middleware\VerifyCsrfToken->handle(Object(Illuminate\Http\Request), Object(Closure))
#21 C:\xampp\htdocs\hoteltotal\storage\framework\compiled.php(8887): App\Http\Middleware\VerifyCsrfToken->handle(Object(Illuminate\Http\Request), Object(Closure))
#22 C:\xampp\htdocs\hoteltotal\storage\framework\compiled.php(12022): Illuminate\Pipeline\Pipeline->Illuminate\Pipeline\{closure}(Object(Illuminate\Http\Request))
#23 C:\xampp\htdocs\hoteltotal\storage\framework\compiled.php(8887): Illuminate\View\Middleware\ShareErrorsFromSession->handle(Object(Illuminate\Http\Request), Object(Closure))
#24 C:\xampp\htdocs\hoteltotal\storage\framework\compiled.php(10728): Illuminate\Pipeline\Pipeline->Illuminate\Pipeline\{closure}(Object(Illuminate\Http\Request))
#25 C:\xampp\htdocs\hoteltotal\storage\framework\compiled.php(8887): Illuminate\Session\Middleware\StartSession->handle(Object(Illuminate\Http\Request), Object(Closure))
#26 C:\xampp\htdocs\hoteltotal\storage\framework\compiled.php(11728): Illuminate\Pipeline\Pipeline->Illuminate\Pipeline\{closure}(Object(Illuminate\Http\Request))
#27 C:\xampp\htdocs\hoteltotal\storage\framework\compiled.php(8887): Illuminate\Cookie\Middleware\AddQueuedCookiesToResponse->handle(Object(Illuminate\Http\Request), Object(Closure))
#28 C:\xampp\htdocs\hoteltotal\storage\framework\compiled.php(11677): Illuminate\Pipeline\Pipeline->Illuminate\Pipeline\{closure}(Object(Illuminate\Http\Request))
#29 C:\xampp\htdocs\hoteltotal\storage\framework\compiled.php(8887): Illuminate\Cookie\Middleware\EncryptCookies->handle(Object(Illuminate\Http\Request), Object(Closure))
#30 C:\xampp\htdocs\hoteltotal\storage\framework\compiled.php(2440): Illuminate\Pipeline\Pipeline->Illuminate\Pipeline\{closure}(Object(Illuminate\Http\Request))
#31 C:\xampp\htdocs\hoteltotal\storage\framework\compiled.php(8887): Illuminate\Foundation\Http\Middleware\CheckForMaintenanceMode->handle(Object(Illuminate\Http\Request), Object(Closure))
#32 [internal function]: Illuminate\Pipeline\Pipeline->Illuminate\Pipeline\{closure}(Object(Illuminate\Http\Request))
#33 C:\xampp\htdocs\hoteltotal\storage\framework\compiled.php(8878): call_user_func(Object(Closure), Object(Illuminate\Http\Request))
#34 C:\xampp\htdocs\hoteltotal\storage\framework\compiled.php(1879): Illuminate\Pipeline\Pipeline->then(Object(Closure))
#35 C:\xampp\htdocs\hoteltotal\storage\framework\compiled.php(1868): Illuminate\Foundation\Http\Kernel->sendRequestThroughRouter(Object(Illuminate\Http\Request))
#36 C:\xampp\htdocs\hoteltotal\public\index.php(53): Illuminate\Foundation\Http\Kernel->handle(Object(Illuminate\Http\Request))
#37 {main}  
[2015-03-12 19:39:17] local.ERROR: exception 'ErrorException' with message 'Use of undefined constant description - assumed 'description'' in C:\xampp\htdocs\hoteltotal\storage\framework\views\deac0cc844d2804e1f5d67ecca697855:11
Stack trace:
#0 C:\xampp\htdocs\hoteltotal\storage\framework\views\deac0cc844d2804e1f5d67ecca697855(11): Illuminate\Foundation\Bootstrap\HandleExceptions->handleError(8, 'Use of undefine...', 'C:\xampp\htdocs...', 11, Array)
#1 C:\xampp\htdocs\hoteltotal\storage\framework\compiled.php(13581): include('C:\xampp\htdocs...')
#2 C:\xampp\htdocs\hoteltotal\storage\framework\compiled.php(13614): Illuminate\View\Engines\PhpEngine->evaluatePath('C:\xampp\htdocs...', Array)
#3 C:\xampp\htdocs\hoteltotal\storage\framework\compiled.php(13454): Illuminate\View\Engines\CompilerEngine->get('C:\xampp\htdocs...', Array)
#4 C:\xampp\htdocs\hoteltotal\storage\framework\compiled.php(13441): Illuminate\View\View->getContents()
#5 C:\xampp\htdocs\hoteltotal\storage\framework\compiled.php(13432): Illuminate\View\View->renderContents()
#6 C:\xampp\htdocs\hoteltotal\storage\framework\compiled.php(14528): Illuminate\View\View->render()
#7 C:\xampp\htdocs\hoteltotal\storage\framework\compiled.php(14057): Illuminate\Http\Response->setContent(Object(Illuminate\View\View))
#8 C:\xampp\htdocs\hoteltotal\storage\framework\compiled.php(7097): Symfony\Component\HttpFoundation\Response->__construct(Object(Illuminate\View\View))
#9 C:\xampp\htdocs\hoteltotal\storage\framework\compiled.php(6897): Illuminate\Routing\Router->prepareResponse(Object(Illuminate\Http\Request), Object(Illuminate\View\View))
#10 [internal function]: Illuminate\Routing\Router->Illuminate\Routing\{closure}(Object(Illuminate\Http\Request))
#11 C:\xampp\htdocs\hoteltotal\storage\framework\compiled.php(8895): call_user_func(Object(Closure), Object(Illuminate\Http\Request))
#12 [internal function]: Illuminate\Pipeline\Pipeline->Illuminate\Pipeline\{closure}(Object(Illuminate\Http\Request))
#13 C:\xampp\htdocs\hoteltotal\storage\framework\compiled.php(8878): call_user_func(Object(Closure), Object(Illuminate\Http\Request))
#14 C:\xampp\htdocs\hoteltotal\storage\framework\compiled.php(6898): Illuminate\Pipeline\Pipeline->then(Object(Closure))
#15 C:\xampp\htdocs\hoteltotal\storage\framework\compiled.php(6887): Illuminate\Routing\Router->runRouteWithinStack(Object(Illuminate\Routing\Route), Object(Illuminate\Http\Request))
#16 C:\xampp\htdocs\hoteltotal\storage\framework\compiled.php(6872): Illuminate\Routing\Router->dispatchToRoute(Object(Illuminate\Http\Request))
#17 C:\xampp\htdocs\hoteltotal\storage\framework\compiled.php(1901): Illuminate\Routing\Router->dispatch(Object(Illuminate\Http\Request))
#18 [internal function]: Illuminate\Foundation\Http\Kernel->Illuminate\Foundation\Http\{closure}(Object(Illuminate\Http\Request))
#19 C:\xampp\htdocs\hoteltotal\storage\framework\compiled.php(8895): call_user_func(Object(Closure), Object(Illuminate\Http\Request))
#20 C:\xampp\htdocs\hoteltotal\storage\framework\compiled.php(2400): Illuminate\Pipeline\Pipeline->Illuminate\Pipeline\{closure}(Object(Illuminate\Http\Request))
#21 C:\xampp\htdocs\hoteltotal\app\Http\Middleware\VerifyCsrfToken.php(17): Illuminate\Foundation\Http\Middleware\VerifyCsrfToken->handle(Object(Illuminate\Http\Request), Object(Closure))
#22 C:\xampp\htdocs\hoteltotal\storage\framework\compiled.php(8887): App\Http\Middleware\VerifyCsrfToken->handle(Object(Illuminate\Http\Request), Object(Closure))
#23 C:\xampp\htdocs\hoteltotal\storage\framework\compiled.php(12022): Illuminate\Pipeline\Pipeline->Illuminate\Pipeline\{closure}(Object(Illuminate\Http\Request))
#24 C:\xampp\htdocs\hoteltotal\storage\framework\compiled.php(8887): Illuminate\View\Middleware\ShareErrorsFromSession->handle(Object(Illuminate\Http\Request), Object(Closure))
#25 C:\xampp\htdocs\hoteltotal\storage\framework\compiled.php(10728): Illuminate\Pipeline\Pipeline->Illuminate\Pipeline\{closure}(Object(Illuminate\Http\Request))
#26 C:\xampp\htdocs\hoteltotal\storage\framework\compiled.php(8887): Illuminate\Session\Middleware\StartSession->handle(Object(Illuminate\Http\Request), Object(Closure))
#27 C:\xampp\htdocs\hoteltotal\storage\framework\compiled.php(11728): Illuminate\Pipeline\Pipeline->Illuminate\Pipeline\{closure}(Object(Illuminate\Http\Request))
#28 C:\xampp\htdocs\hoteltotal\storage\framework\compiled.php(8887): Illuminate\Cookie\Middleware\AddQueuedCookiesToResponse->handle(Object(Illuminate\Http\Request), Object(Closure))
#29 C:\xampp\htdocs\hoteltotal\storage\framework\compiled.php(11677): Illuminate\Pipeline\Pipeline->Illuminate\Pipeline\{closure}(Object(Illuminate\Http\Request))
#30 C:\xampp\htdocs\hoteltotal\storage\framework\compiled.php(8887): Illuminate\Cookie\Middleware\EncryptCookies->handle(Object(Illuminate\Http\Request), Object(Closure))
#31 C:\xampp\htdocs\hoteltotal\storage\framework\compiled.php(2440): Illuminate\Pipeline\Pipeline->Illuminate\Pipeline\{closure}(Object(Illuminate\Http\Request))
#32 C:\xampp\htdocs\hoteltotal\storage\framework\compiled.php(8887): Illuminate\Foundation\Http\Middleware\CheckForMaintenanceMode->handle(Object(Illuminate\Http\Request), Object(Closure))
#33 [internal function]: Illuminate\Pipeline\Pipeline->Illuminate\Pipeline\{closure}(Object(Illuminate\Http\Request))
#34 C:\xampp\htdocs\hoteltotal\storage\framework\compiled.php(8878): call_user_func(Object(Closure), Object(Illuminate\Http\Request))
#35 C:\xampp\htdocs\hoteltotal\storage\framework\compiled.php(1879): Illuminate\Pipeline\Pipeline->then(Object(Closure))
#36 C:\xampp\htdocs\hoteltotal\storage\framework\compiled.php(1868): Illuminate\Foundation\Http\Kernel->sendRequestThroughRouter(Object(Illuminate\Http\Request))
#37 C:\xampp\htdocs\hoteltotal\public\index.php(53): Illuminate\Foundation\Http\Kernel->handle(Object(Illuminate\Http\Request))
#38 {main}

Next exception 'ErrorException' with message 'Use of undefined constant description - assumed 'description' (View: C:\xampp\htdocs\hoteltotal\resources\views\welcome.blade.php)' in C:\xampp\htdocs\hoteltotal\storage\framework\views\deac0cc844d2804e1f5d67ecca697855:11
Stack trace:
#0 C:\xampp\htdocs\hoteltotal\storage\framework\compiled.php(13583): Illuminate\View\Engines\CompilerEngine->handleViewException(Object(ErrorException), 1)
#1 C:\xampp\htdocs\hoteltotal\storage\framework\compiled.php(13614): Illuminate\View\Engines\PhpEngine->evaluatePath('C:\xampp\htdocs...', Array)
#2 C:\xampp\htdocs\hoteltotal\storage\framework\compiled.php(13454): Illuminate\View\Engines\CompilerEngine->get('C:\xampp\htdocs...', Array)
#3 C:\xampp\htdocs\hoteltotal\storage\framework\compiled.php(13441): Illuminate\View\View->getContents()
#4 C:\xampp\htdocs\hoteltotal\storage\framework\compiled.php(13432): Illuminate\View\View->renderContents()
#5 C:\xampp\htdocs\hoteltotal\storage\framework\compiled.php(14528): Illuminate\View\View->render()
#6 C:\xampp\htdocs\hoteltotal\storage\framework\compiled.php(14057): Illuminate\Http\Response->setContent(Object(Illuminate\View\View))
#7 C:\xampp\htdocs\hoteltotal\storage\framework\compiled.php(7097): Symfony\Component\HttpFoundation\Response->__construct(Object(Illuminate\View\View))
#8 C:\xampp\htdocs\hoteltotal\storage\framework\compiled.php(6897): Illuminate\Routing\Router->prepareResponse(Object(Illuminate\Http\Request), Object(Illuminate\View\View))
#9 [internal function]: Illuminate\Routing\Router->Illuminate\Routing\{closure}(Object(Illuminate\Http\Request))
#10 C:\xampp\htdocs\hoteltotal\storage\framework\compiled.php(8895): call_user_func(Object(Closure), Object(Illuminate\Http\Request))
#11 [internal function]: Illuminate\Pipeline\Pipeline->Illuminate\Pipeline\{closure}(Object(Illuminate\Http\Request))
#12 C:\xampp\htdocs\hoteltotal\storage\framework\compiled.php(8878): call_user_func(Object(Closure), Object(Illuminate\Http\Request))
#13 C:\xampp\htdocs\hoteltotal\storage\framework\compiled.php(6898): Illuminate\Pipeline\Pipeline->then(Object(Closure))
#14 C:\xampp\htdocs\hoteltotal\storage\framework\compiled.php(6887): Illuminate\Routing\Router->runRouteWithinStack(Object(Illuminate\Routing\Route), Object(Illuminate\Http\Request))
#15 C:\xampp\htdocs\hoteltotal\storage\framework\compiled.php(6872): Illuminate\Routing\Router->dispatchToRoute(Object(Illuminate\Http\Request))
#16 C:\xampp\htdocs\hoteltotal\storage\framework\compiled.php(1901): Illuminate\Routing\Router->dispatch(Object(Illuminate\Http\Request))
#17 [internal function]: Illuminate\Foundation\Http\Kernel->Illuminate\Foundation\Http\{closure}(Object(Illuminate\Http\Request))
#18 C:\xampp\htdocs\hoteltotal\storage\framework\compiled.php(8895): call_user_func(Object(Closure), Object(Illuminate\Http\Request))
#19 C:\xampp\htdocs\hoteltotal\storage\framework\compiled.php(2400): Illuminate\Pipeline\Pipeline->Illuminate\Pipeline\{closure}(Object(Illuminate\Http\Request))
#20 C:\xampp\htdocs\hoteltotal\app\Http\Middleware\VerifyCsrfToken.php(17): Illuminate\Foundation\Http\Middleware\VerifyCsrfToken->handle(Object(Illuminate\Http\Request), Object(Closure))
#21 C:\xampp\htdocs\hoteltotal\storage\framework\compiled.php(8887): App\Http\Middleware\VerifyCsrfToken->handle(Object(Illuminate\Http\Request), Object(Closure))
#22 C:\xampp\htdocs\hoteltotal\storage\framework\compiled.php(12022): Illuminate\Pipeline\Pipeline->Illuminate\Pipeline\{closure}(Object(Illuminate\Http\Request))
#23 C:\xampp\htdocs\hoteltotal\storage\framework\compiled.php(8887): Illuminate\View\Middleware\ShareErrorsFromSession->handle(Object(Illuminate\Http\Request), Object(Closure))
#24 C:\xampp\htdocs\hoteltotal\storage\framework\compiled.php(10728): Illuminate\Pipeline\Pipeline->Illuminate\Pipeline\{closure}(Object(Illuminate\Http\Request))
#25 C:\xampp\htdocs\hoteltotal\storage\framework\compiled.php(8887): Illuminate\Session\Middleware\StartSession->handle(Object(Illuminate\Http\Request), Object(Closure))
#26 C:\xampp\htdocs\hoteltotal\storage\framework\compiled.php(11728): Illuminate\Pipeline\Pipeline->Illuminate\Pipeline\{closure}(Object(Illuminate\Http\Request))
#27 C:\xampp\htdocs\hoteltotal\storage\framework\compiled.php(8887): Illuminate\Cookie\Middleware\AddQueuedCookiesToResponse->handle(Object(Illuminate\Http\Request), Object(Closure))
#28 C:\xampp\htdocs\hoteltotal\storage\framework\compiled.php(11677): Illuminate\Pipeline\Pipeline->Illuminate\Pipeline\{closure}(Object(Illuminate\Http\Request))
#29 C:\xampp\htdocs\hoteltotal\storage\framework\compiled.php(8887): Illuminate\Cookie\Middleware\EncryptCookies->handle(Object(Illuminate\Http\Request), Object(Closure))
#30 C:\xampp\htdocs\hoteltotal\storage\framework\compiled.php(2440): Illuminate\Pipeline\Pipeline->Illuminate\Pipeline\{closure}(Object(Illuminate\Http\Request))
#31 C:\xampp\htdocs\hoteltotal\storage\framework\compiled.php(8887): Illuminate\Foundation\Http\Middleware\CheckForMaintenanceMode->handle(Object(Illuminate\Http\Request), Object(Closure))
#32 [internal function]: Illuminate\Pipeline\Pipeline->Illuminate\Pipeline\{closure}(Object(Illuminate\Http\Request))
#33 C:\xampp\htdocs\hoteltotal\storage\framework\compiled.php(8878): call_user_func(Object(Closure), Object(Illuminate\Http\Request))
#34 C:\xampp\htdocs\hoteltotal\storage\framework\compiled.php(1879): Illuminate\Pipeline\Pipeline->then(Object(Closure))
#35 C:\xampp\htdocs\hoteltotal\storage\framework\compiled.php(1868): Illuminate\Foundation\Http\Kernel->sendRequestThroughRouter(Object(Illuminate\Http\Request))
#36 C:\xampp\htdocs\hoteltotal\public\index.php(53): Illuminate\Foundation\Http\Kernel->handle(Object(Illuminate\Http\Request))
#37 {main}  
[2015-03-12 19:42:55] local.ERROR: exception 'ErrorException' with message 'Undefined variable: saludo' in C:\xampp\htdocs\hoteltotal\storage\framework\views\deac0cc844d2804e1f5d67ecca697855:11
Stack trace:
#0 C:\xampp\htdocs\hoteltotal\storage\framework\views\deac0cc844d2804e1f5d67ecca697855(11): Illuminate\Foundation\Bootstrap\HandleExceptions->handleError(8, 'Undefined varia...', 'C:\xampp\htdocs...', 11, Array)
#1 C:\xampp\htdocs\hoteltotal\storage\framework\compiled.php(13581): include('C:\xampp\htdocs...')
#2 C:\xampp\htdocs\hoteltotal\storage\framework\compiled.php(13614): Illuminate\View\Engines\PhpEngine->evaluatePath('C:\xampp\htdocs...', Array)
#3 C:\xampp\htdocs\hoteltotal\storage\framework\compiled.php(13454): Illuminate\View\Engines\CompilerEngine->get('C:\xampp\htdocs...', Array)
#4 C:\xampp\htdocs\hoteltotal\storage\framework\compiled.php(13441): Illuminate\View\View->getContents()
#5 C:\xampp\htdocs\hoteltotal\storage\framework\compiled.php(13432): Illuminate\View\View->renderContents()
#6 C:\xampp\htdocs\hoteltotal\storage\framework\compiled.php(14528): Illuminate\View\View->render()
#7 C:\xampp\htdocs\hoteltotal\storage\framework\compiled.php(14057): Illuminate\Http\Response->setContent(Object(Illuminate\View\View))
#8 C:\xampp\htdocs\hoteltotal\storage\framework\compiled.php(7097): Symfony\Component\HttpFoundation\Response->__construct(Object(Illuminate\View\View))
#9 C:\xampp\htdocs\hoteltotal\storage\framework\compiled.php(6897): Illuminate\Routing\Router->prepareResponse(Object(Illuminate\Http\Request), Object(Illuminate\View\View))
#10 [internal function]: Illuminate\Routing\Router->Illuminate\Routing\{closure}(Object(Illuminate\Http\Request))
#11 C:\xampp\htdocs\hoteltotal\storage\framework\compiled.php(8895): call_user_func(Object(Closure), Object(Illuminate\Http\Request))
#12 [internal function]: Illuminate\Pipeline\Pipeline->Illuminate\Pipeline\{closure}(Object(Illuminate\Http\Request))
#13 C:\xampp\htdocs\hoteltotal\storage\framework\compiled.php(8878): call_user_func(Object(Closure), Object(Illuminate\Http\Request))
#14 C:\xampp\htdocs\hoteltotal\storage\framework\compiled.php(6898): Illuminate\Pipeline\Pipeline->then(Object(Closure))
#15 C:\xampp\htdocs\hoteltotal\storage\framework\compiled.php(6887): Illuminate\Routing\Router->runRouteWithinStack(Object(Illuminate\Routing\Route), Object(Illuminate\Http\Request))
#16 C:\xampp\htdocs\hoteltotal\storage\framework\compiled.php(6872): Illuminate\Routing\Router->dispatchToRoute(Object(Illuminate\Http\Request))
#17 C:\xampp\htdocs\hoteltotal\storage\framework\compiled.php(1901): Illuminate\Routing\Router->dispatch(Object(Illuminate\Http\Request))
#18 [internal function]: Illuminate\Foundation\Http\Kernel->Illuminate\Foundation\Http\{closure}(Object(Illuminate\Http\Request))
#19 C:\xampp\htdocs\hoteltotal\storage\framework\compiled.php(8895): call_user_func(Object(Closure), Object(Illuminate\Http\Request))
#20 C:\xampp\htdocs\hoteltotal\storage\framework\compiled.php(2400): Illuminate\Pipeline\Pipeline->Illuminate\Pipeline\{closure}(Object(Illuminate\Http\Request))
#21 C:\xampp\htdocs\hoteltotal\app\Http\Middleware\VerifyCsrfToken.php(17): Illuminate\Foundation\Http\Middleware\VerifyCsrfToken->handle(Object(Illuminate\Http\Request), Object(Closure))
#22 C:\xampp\htdocs\hoteltotal\storage\framework\compiled.php(8887): App\Http\Middleware\VerifyCsrfToken->handle(Object(Illuminate\Http\Request), Object(Closure))
#23 C:\xampp\htdocs\hoteltotal\storage\framework\compiled.php(12022): Illuminate\Pipeline\Pipeline->Illuminate\Pipeline\{closure}(Object(Illuminate\Http\Request))
#24 C:\xampp\htdocs\hoteltotal\storage\framework\compiled.php(8887): Illuminate\View\Middleware\ShareErrorsFromSession->handle(Object(Illuminate\Http\Request), Object(Closure))
#25 C:\xampp\htdocs\hoteltotal\storage\framework\compiled.php(10728): Illuminate\Pipeline\Pipeline->Illuminate\Pipeline\{closure}(Object(Illuminate\Http\Request))
#26 C:\xampp\htdocs\hoteltotal\storage\framework\compiled.php(8887): Illuminate\Session\Middleware\StartSession->handle(Object(Illuminate\Http\Request), Object(Closure))
#27 C:\xampp\htdocs\hoteltotal\storage\framework\compiled.php(11728): Illuminate\Pipeline\Pipeline->Illuminate\Pipeline\{closure}(Object(Illuminate\Http\Request))
#28 C:\xampp\htdocs\hoteltotal\storage\framework\compiled.php(8887): Illuminate\Cookie\Middleware\AddQueuedCookiesToResponse->handle(Object(Illuminate\Http\Request), Object(Closure))
#29 C:\xampp\htdocs\hoteltotal\storage\framework\compiled.php(11677): Illuminate\Pipeline\Pipeline->Illuminate\Pipeline\{closure}(Object(Illuminate\Http\Request))
#30 C:\xampp\htdocs\hoteltotal\storage\framework\compiled.php(8887): Illuminate\Cookie\Middleware\EncryptCookies->handle(Object(Illuminate\Http\Request), Object(Closure))
#31 C:\xampp\htdocs\hoteltotal\storage\framework\compiled.php(2440): Illuminate\Pipeline\Pipeline->Illuminate\Pipeline\{closure}(Object(Illuminate\Http\Request))
#32 C:\xampp\htdocs\hoteltotal\storage\framework\compiled.php(8887): Illuminate\Foundation\Http\Middleware\CheckForMaintenanceMode->handle(Object(Illuminate\Http\Request), Object(Closure))
#33 [internal function]: Illuminate\Pipeline\Pipeline->Illuminate\Pipeline\{closure}(Object(Illuminate\Http\Request))
#34 C:\xampp\htdocs\hoteltotal\storage\framework\compiled.php(8878): call_user_func(Object(Closure), Object(Illuminate\Http\Request))
#35 C:\xampp\htdocs\hoteltotal\storage\framework\compiled.php(1879): Illuminate\Pipeline\Pipeline->then(Object(Closure))
#36 C:\xampp\htdocs\hoteltotal\storage\framework\compiled.php(1868): Illuminate\Foundation\Http\Kernel->sendRequestThroughRouter(Object(Illuminate\Http\Request))
#37 C:\xampp\htdocs\hoteltotal\public\index.php(53): Illuminate\Foundation\Http\Kernel->handle(Object(Illuminate\Http\Request))
#38 {main}

Next exception 'ErrorException' with message 'Undefined variable: saludo (View: C:\xampp\htdocs\hoteltotal\resources\views\welcome.blade.php)' in C:\xampp\htdocs\hoteltotal\storage\framework\views\deac0cc844d2804e1f5d67ecca697855:11
Stack trace:
#0 C:\xampp\htdocs\hoteltotal\storage\framework\compiled.php(13583): Illuminate\View\Engines\CompilerEngine->handleViewException(Object(ErrorException), 1)
#1 C:\xampp\htdocs\hoteltotal\storage\framework\compiled.php(13614): Illuminate\View\Engines\PhpEngine->evaluatePath('C:\xampp\htdocs...', Array)
#2 C:\xampp\htdocs\hoteltotal\storage\framework\compiled.php(13454): Illuminate\View\Engines\CompilerEngine->get('C:\xampp\htdocs...', Array)
#3 C:\xampp\htdocs\hoteltotal\storage\framework\compiled.php(13441): Illuminate\View\View->getContents()
#4 C:\xampp\htdocs\hoteltotal\storage\framework\compiled.php(13432): Illuminate\View\View->renderContents()
#5 C:\xampp\htdocs\hoteltotal\storage\framework\compiled.php(14528): Illuminate\View\View->render()
#6 C:\xampp\htdocs\hoteltotal\storage\framework\compiled.php(14057): Illuminate\Http\Response->setContent(Object(Illuminate\View\View))
#7 C:\xampp\htdocs\hoteltotal\storage\framework\compiled.php(7097): Symfony\Component\HttpFoundation\Response->__construct(Object(Illuminate\View\View))
#8 C:\xampp\htdocs\hoteltotal\storage\framework\compiled.php(6897): Illuminate\Routing\Router->prepareResponse(Object(Illuminate\Http\Request), Object(Illuminate\View\View))
#9 [internal function]: Illuminate\Routing\Router->Illuminate\Routing\{closure}(Object(Illuminate\Http\Request))
#10 C:\xampp\htdocs\hoteltotal\storage\framework\compiled.php(8895): call_user_func(Object(Closure), Object(Illuminate\Http\Request))
#11 [internal function]: Illuminate\Pipeline\Pipeline->Illuminate\Pipeline\{closure}(Object(Illuminate\Http\Request))
#12 C:\xampp\htdocs\hoteltotal\storage\framework\compiled.php(8878): call_user_func(Object(Closure), Object(Illuminate\Http\Request))
#13 C:\xampp\htdocs\hoteltotal\storage\framework\compiled.php(6898): Illuminate\Pipeline\Pipeline->then(Object(Closure))
#14 C:\xampp\htdocs\hoteltotal\storage\framework\compiled.php(6887): Illuminate\Routing\Router->runRouteWithinStack(Object(Illuminate\Routing\Route), Object(Illuminate\Http\Request))
#15 C:\xampp\htdocs\hoteltotal\storage\framework\compiled.php(6872): Illuminate\Routing\Router->dispatchToRoute(Object(Illuminate\Http\Request))
#16 C:\xampp\htdocs\hoteltotal\storage\framework\compiled.php(1901): Illuminate\Routing\Router->dispatch(Object(Illuminate\Http\Request))
#17 [internal function]: Illuminate\Foundation\Http\Kernel->Illuminate\Foundation\Http\{closure}(Object(Illuminate\Http\Request))
#18 C:\xampp\htdocs\hoteltotal\storage\framework\compiled.php(8895): call_user_func(Object(Closure), Object(Illuminate\Http\Request))
#19 C:\xampp\htdocs\hoteltotal\storage\framework\compiled.php(2400): Illuminate\Pipeline\Pipeline->Illuminate\Pipeline\{closure}(Object(Illuminate\Http\Request))
#20 C:\xampp\htdocs\hoteltotal\app\Http\Middleware\VerifyCsrfToken.php(17): Illuminate\Foundation\Http\Middleware\VerifyCsrfToken->handle(Object(Illuminate\Http\Request), Object(Closure))
#21 C:\xampp\htdocs\hoteltotal\storage\framework\compiled.php(8887): App\Http\Middleware\VerifyCsrfToken->handle(Object(Illuminate\Http\Request), Object(Closure))
#22 C:\xampp\htdocs\hoteltotal\storage\framework\compiled.php(12022): Illuminate\Pipeline\Pipeline->Illuminate\Pipeline\{closure}(Object(Illuminate\Http\Request))
#23 C:\xampp\htdocs\hoteltotal\storage\framework\compiled.php(8887): Illuminate\View\Middleware\ShareErrorsFromSession->handle(Object(Illuminate\Http\Request), Object(Closure))
#24 C:\xampp\htdocs\hoteltotal\storage\framework\compiled.php(10728): Illuminate\Pipeline\Pipeline->Illuminate\Pipeline\{closure}(Object(Illuminate\Http\Request))
#25 C:\xampp\htdocs\hoteltotal\storage\framework\compiled.php(8887): Illuminate\Session\Middleware\StartSession->handle(Object(Illuminate\Http\Request), Object(Closure))
#26 C:\xampp\htdocs\hoteltotal\storage\framework\compiled.php(11728): Illuminate\Pipeline\Pipeline->Illuminate\Pipeline\{closure}(Object(Illuminate\Http\Request))
#27 C:\xampp\htdocs\hoteltotal\storage\framework\compiled.php(8887): Illuminate\Cookie\Middleware\AddQueuedCookiesToResponse->handle(Object(Illuminate\Http\Request), Object(Closure))
#28 C:\xampp\htdocs\hoteltotal\storage\framework\compiled.php(11677): Illuminate\Pipeline\Pipeline->Illuminate\Pipeline\{closure}(Object(Illuminate\Http\Request))
#29 C:\xampp\htdocs\hoteltotal\storage\framework\compiled.php(8887): Illuminate\Cookie\Middleware\EncryptCookies->handle(Object(Illuminate\Http\Request), Object(Closure))
#30 C:\xampp\htdocs\hoteltotal\storage\framework\compiled.php(2440): Illuminate\Pipeline\Pipeline->Illuminate\Pipeline\{closure}(Object(Illuminate\Http\Request))
#31 C:\xampp\htdocs\hoteltotal\storage\framework\compiled.php(8887): Illuminate\Foundation\Http\Middleware\CheckForMaintenanceMode->handle(Object(Illuminate\Http\Request), Object(Closure))
#32 [internal function]: Illuminate\Pipeline\Pipeline->Illuminate\Pipeline\{closure}(Object(Illuminate\Http\Request))
#33 C:\xampp\htdocs\hoteltotal\storage\framework\compiled.php(8878): call_user_func(Object(Closure), Object(Illuminate\Http\Request))
#34 C:\xampp\htdocs\hoteltotal\storage\framework\compiled.php(1879): Illuminate\Pipeline\Pipeline->then(Object(Closure))
#35 C:\xampp\htdocs\hoteltotal\storage\framework\compiled.php(1868): Illuminate\Foundation\Http\Kernel->sendRequestThroughRouter(Object(Illuminate\Http\Request))
#36 C:\xampp\htdocs\hoteltotal\public\index.php(53): Illuminate\Foundation\Http\Kernel->handle(Object(Illuminate\Http\Request))
#37 {main}  
[2015-03-12 19:44:43] local.ERROR: exception 'Symfony\Component\Debug\Exception\FatalErrorException' with message 'Call to undefined method Illuminate\Routing\Route::with()' in C:\xampp\htdocs\hoteltotal\app\Http\routes.php:3
Stack trace:
#0 C:\xampp\htdocs\hoteltotal\storage\framework\compiled.php(1736): Illuminate\Foundation\Bootstrap\HandleExceptions->fatalExceptionFromError(Array)
#1 [internal function]: Illuminate\Foundation\Bootstrap\HandleExceptions->handleShutdown()
#2 {main}  
[2015-03-12 19:46:13] local.ERROR: exception 'Symfony\Component\Debug\Exception\FatalErrorException' with message 'Call to undefined method Illuminate\Routing\Route::with()' in C:\xampp\htdocs\hoteltotal\app\Http\routes.php:3
Stack trace:
#0 C:\xampp\htdocs\hoteltotal\storage\framework\compiled.php(1736): Illuminate\Foundation\Bootstrap\HandleExceptions->fatalExceptionFromError(Array)
#1 [internal function]: Illuminate\Foundation\Bootstrap\HandleExceptions->handleShutdown()
#2 {main}  
[2015-03-12 19:46:15] local.ERROR: exception 'Symfony\Component\Debug\Exception\FatalErrorException' with message 'Call to undefined method Illuminate\Routing\Route::with()' in C:\xampp\htdocs\hoteltotal\app\Http\routes.php:3
Stack trace:
#0 C:\xampp\htdocs\hoteltotal\storage\framework\compiled.php(1736): Illuminate\Foundation\Bootstrap\HandleExceptions->fatalExceptionFromError(Array)
#1 [internal function]: Illuminate\Foundation\Bootstrap\HandleExceptions->handleShutdown()
#2 {main}  
[2015-03-12 19:47:06] local.ERROR: exception 'ErrorException' with message 'Use of undefined constant saludo - assumed 'saludo'' in C:\xampp\htdocs\hoteltotal\storage\framework\views\deac0cc844d2804e1f5d67ecca697855:11
Stack trace:
#0 C:\xampp\htdocs\hoteltotal\storage\framework\views\deac0cc844d2804e1f5d67ecca697855(11): Illuminate\Foundation\Bootstrap\HandleExceptions->handleError(8, 'Use of undefine...', 'C:\xampp\htdocs...', 11, Array)
#1 C:\xampp\htdocs\hoteltotal\storage\framework\compiled.php(13581): include('C:\xampp\htdocs...')
#2 C:\xampp\htdocs\hoteltotal\storage\framework\compiled.php(13614): Illuminate\View\Engines\PhpEngine->evaluatePath('C:\xampp\htdocs...', Array)
#3 C:\xampp\htdocs\hoteltotal\storage\framework\compiled.php(13454): Illuminate\View\Engines\CompilerEngine->get('C:\xampp\htdocs...', Array)
#4 C:\xampp\htdocs\hoteltotal\storage\framework\compiled.php(13441): Illuminate\View\View->getContents()
#5 C:\xampp\htdocs\hoteltotal\storage\framework\compiled.php(13432): Illuminate\View\View->renderContents()
#6 C:\xampp\htdocs\hoteltotal\storage\framework\compiled.php(14528): Illuminate\View\View->render()
#7 C:\xampp\htdocs\hoteltotal\storage\framework\compiled.php(14057): Illuminate\Http\Response->setContent(Object(Illuminate\View\View))
#8 C:\xampp\htdocs\hoteltotal\storage\framework\compiled.php(7097): Symfony\Component\HttpFoundation\Response->__construct(Object(Illuminate\View\View))
#9 C:\xampp\htdocs\hoteltotal\storage\framework\compiled.php(6897): Illuminate\Routing\Router->prepareResponse(Object(Illuminate\Http\Request), Object(Illuminate\View\View))
#10 [internal function]: Illuminate\Routing\Router->Illuminate\Routing\{closure}(Object(Illuminate\Http\Request))
#11 C:\xampp\htdocs\hoteltotal\storage\framework\compiled.php(8895): call_user_func(Object(Closure), Object(Illuminate\Http\Request))
#12 [internal function]: Illuminate\Pipeline\Pipeline->Illuminate\Pipeline\{closure}(Object(Illuminate\Http\Request))
#13 C:\xampp\htdocs\hoteltotal\storage\framework\compiled.php(8878): call_user_func(Object(Closure), Object(Illuminate\Http\Request))
#14 C:\xampp\htdocs\hoteltotal\storage\framework\compiled.php(6898): Illuminate\Pipeline\Pipeline->then(Object(Closure))
#15 C:\xampp\htdocs\hoteltotal\storage\framework\compiled.php(6887): Illuminate\Routing\Router->runRouteWithinStack(Object(Illuminate\Routing\Route), Object(Illuminate\Http\Request))
#16 C:\xampp\htdocs\hoteltotal\storage\framework\compiled.php(6872): Illuminate\Routing\Router->dispatchToRoute(Object(Illuminate\Http\Request))
#17 C:\xampp\htdocs\hoteltotal\storage\framework\compiled.php(1901): Illuminate\Routing\Router->dispatch(Object(Illuminate\Http\Request))
#18 [internal function]: Illuminate\Foundation\Http\Kernel->Illuminate\Foundation\Http\{closure}(Object(Illuminate\Http\Request))
#19 C:\xampp\htdocs\hoteltotal\storage\framework\compiled.php(8895): call_user_func(Object(Closure), Object(Illuminate\Http\Request))
#20 C:\xampp\htdocs\hoteltotal\storage\framework\compiled.php(2400): Illuminate\Pipeline\Pipeline->Illuminate\Pipeline\{closure}(Object(Illuminate\Http\Request))
#21 C:\xampp\htdocs\hoteltotal\app\Http\Middleware\VerifyCsrfToken.php(17): Illuminate\Foundation\Http\Middleware\VerifyCsrfToken->handle(Object(Illuminate\Http\Request), Object(Closure))
#22 C:\xampp\htdocs\hoteltotal\storage\framework\compiled.php(8887): App\Http\Middleware\VerifyCsrfToken->handle(Object(Illuminate\Http\Request), Object(Closure))
#23 C:\xampp\htdocs\hoteltotal\storage\framework\compiled.php(12022): Illuminate\Pipeline\Pipeline->Illuminate\Pipeline\{closure}(Object(Illuminate\Http\Request))
#24 C:\xampp\htdocs\hoteltotal\storage\framework\compiled.php(8887): Illuminate\View\Middleware\ShareErrorsFromSession->handle(Object(Illuminate\Http\Request), Object(Closure))
#25 C:\xampp\htdocs\hoteltotal\storage\framework\compiled.php(10728): Illuminate\Pipeline\Pipeline->Illuminate\Pipeline\{closure}(Object(Illuminate\Http\Request))
#26 C:\xampp\htdocs\hoteltotal\storage\framework\compiled.php(8887): Illuminate\Session\Middleware\StartSession->handle(Object(Illuminate\Http\Request), Object(Closure))
#27 C:\xampp\htdocs\hoteltotal\storage\framework\compiled.php(11728): Illuminate\Pipeline\Pipeline->Illuminate\Pipeline\{closure}(Object(Illuminate\Http\Request))
#28 C:\xampp\htdocs\hoteltotal\storage\framework\compiled.php(8887): Illuminate\Cookie\Middleware\AddQueuedCookiesToResponse->handle(Object(Illuminate\Http\Request), Object(Closure))
#29 C:\xampp\htdocs\hoteltotal\storage\framework\compiled.php(11677): Illuminate\Pipeline\Pipeline->Illuminate\Pipeline\{closure}(Object(Illuminate\Http\Request))
#30 C:\xampp\htdocs\hoteltotal\storage\framework\compiled.php(8887): Illuminate\Cookie\Middleware\EncryptCookies->handle(Object(Illuminate\Http\Request), Object(Closure))
#31 C:\xampp\htdocs\hoteltotal\storage\framework\compiled.php(2440): Illuminate\Pipeline\Pipeline->Illuminate\Pipeline\{closure}(Object(Illuminate\Http\Request))
#32 C:\xampp\htdocs\hoteltotal\storage\framework\compiled.php(8887): Illuminate\Foundation\Http\Middleware\CheckForMaintenanceMode->handle(Object(Illuminate\Http\Request), Object(Closure))
#33 [internal function]: Illuminate\Pipeline\Pipeline->Illuminate\Pipeline\{closure}(Object(Illuminate\Http\Request))
#34 C:\xampp\htdocs\hoteltotal\storage\framework\compiled.php(8878): call_user_func(Object(Closure), Object(Illuminate\Http\Request))
#35 C:\xampp\htdocs\hoteltotal\storage\framework\compiled.php(1879): Illuminate\Pipeline\Pipeline->then(Object(Closure))
#36 C:\xampp\htdocs\hoteltotal\storage\framework\compiled.php(1868): Illuminate\Foundation\Http\Kernel->sendRequestThroughRouter(Object(Illuminate\Http\Request))
#37 C:\xampp\htdocs\hoteltotal\public\index.php(53): Illuminate\Foundation\Http\Kernel->handle(Object(Illuminate\Http\Request))
#38 {main}

Next exception 'ErrorException' with message 'Use of undefined constant saludo - assumed 'saludo' (View: C:\xampp\htdocs\hoteltotal\resources\views\welcome.blade.php)' in C:\xampp\htdocs\hoteltotal\storage\framework\views\deac0cc844d2804e1f5d67ecca697855:11
Stack trace:
#0 C:\xampp\htdocs\hoteltotal\storage\framework\compiled.php(13583): Illuminate\View\Engines\CompilerEngine->handleViewException(Object(ErrorException), 1)
#1 C:\xampp\htdocs\hoteltotal\storage\framework\compiled.php(13614): Illuminate\View\Engines\PhpEngine->evaluatePath('C:\xampp\htdocs...', Array)
#2 C:\xampp\htdocs\hoteltotal\storage\framework\compiled.php(13454): Illuminate\View\Engines\CompilerEngine->get('C:\xampp\htdocs...', Array)
#3 C:\xampp\htdocs\hoteltotal\storage\framework\compiled.php(13441): Illuminate\View\View->getContents()
#4 C:\xampp\htdocs\hoteltotal\storage\framework\compiled.php(13432): Illuminate\View\View->renderContents()
#5 C:\xampp\htdocs\hoteltotal\storage\framework\compiled.php(14528): Illuminate\View\View->render()
#6 C:\xampp\htdocs\hoteltotal\storage\framework\compiled.php(14057): Illuminate\Http\Response->setContent(Object(Illuminate\View\View))
#7 C:\xampp\htdocs\hoteltotal\storage\framework\compiled.php(7097): Symfony\Component\HttpFoundation\Response->__construct(Object(Illuminate\View\View))
#8 C:\xampp\htdocs\hoteltotal\storage\framework\compiled.php(6897): Illuminate\Routing\Router->prepareResponse(Object(Illuminate\Http\Request), Object(Illuminate\View\View))
#9 [internal function]: Illuminate\Routing\Router->Illuminate\Routing\{closure}(Object(Illuminate\Http\Request))
#10 C:\xampp\htdocs\hoteltotal\storage\framework\compiled.php(8895): call_user_func(Object(Closure), Object(Illuminate\Http\Request))
#11 [internal function]: Illuminate\Pipeline\Pipeline->Illuminate\Pipeline\{closure}(Object(Illuminate\Http\Request))
#12 C:\xampp\htdocs\hoteltotal\storage\framework\compiled.php(8878): call_user_func(Object(Closure), Object(Illuminate\Http\Request))
#13 C:\xampp\htdocs\hoteltotal\storage\framework\compiled.php(6898): Illuminate\Pipeline\Pipeline->then(Object(Closure))
#14 C:\xampp\htdocs\hoteltotal\storage\framework\compiled.php(6887): Illuminate\Routing\Router->runRouteWithinStack(Object(Illuminate\Routing\Route), Object(Illuminate\Http\Request))
#15 C:\xampp\htdocs\hoteltotal\storage\framework\compiled.php(6872): Illuminate\Routing\Router->dispatchToRoute(Object(Illuminate\Http\Request))
#16 C:\xampp\htdocs\hoteltotal\storage\framework\compiled.php(1901): Illuminate\Routing\Router->dispatch(Object(Illuminate\Http\Request))
#17 [internal function]: Illuminate\Foundation\Http\Kernel->Illuminate\Foundation\Http\{closure}(Object(Illuminate\Http\Request))
#18 C:\xampp\htdocs\hoteltotal\storage\framework\compiled.php(8895): call_user_func(Object(Closure), Object(Illuminate\Http\Request))
#19 C:\xampp\htdocs\hoteltotal\storage\framework\compiled.php(2400): Illuminate\Pipeline\Pipeline->Illuminate\Pipeline\{closure}(Object(Illuminate\Http\Request))
#20 C:\xampp\htdocs\hoteltotal\app\Http\Middleware\VerifyCsrfToken.php(17): Illuminate\Foundation\Http\Middleware\VerifyCsrfToken->handle(Object(Illuminate\Http\Request), Object(Closure))
#21 C:\xampp\htdocs\hoteltotal\storage\framework\compiled.php(8887): App\Http\Middleware\VerifyCsrfToken->handle(Object(Illuminate\Http\Request), Object(Closure))
#22 C:\xampp\htdocs\hoteltotal\storage\framework\compiled.php(12022): Illuminate\Pipeline\Pipeline->Illuminate\Pipeline\{closure}(Object(Illuminate\Http\Request))
#23 C:\xampp\htdocs\hoteltotal\storage\framework\compiled.php(8887): Illuminate\View\Middleware\ShareErrorsFromSession->handle(Object(Illuminate\Http\Request), Object(Closure))
#24 C:\xampp\htdocs\hoteltotal\storage\framework\compiled.php(10728): Illuminate\Pipeline\Pipeline->Illuminate\Pipeline\{closure}(Object(Illuminate\Http\Request))
#25 C:\xampp\htdocs\hoteltotal\storage\framework\compiled.php(8887): Illuminate\Session\Middleware\StartSession->handle(Object(Illuminate\Http\Request), Object(Closure))
#26 C:\xampp\htdocs\hoteltotal\storage\framework\compiled.php(11728): Illuminate\Pipeline\Pipeline->Illuminate\Pipeline\{closure}(Object(Illuminate\Http\Request))
#27 C:\xampp\htdocs\hoteltotal\storage\framework\compiled.php(8887): Illuminate\Cookie\Middleware\AddQueuedCookiesToResponse->handle(Object(Illuminate\Http\Request), Object(Closure))
#28 C:\xampp\htdocs\hoteltotal\storage\framework\compiled.php(11677): Illuminate\Pipeline\Pipeline->Illuminate\Pipeline\{closure}(Object(Illuminate\Http\Request))
#29 C:\xampp\htdocs\hoteltotal\storage\framework\compiled.php(8887): Illuminate\Cookie\Middleware\EncryptCookies->handle(Object(Illuminate\Http\Request), Object(Closure))
#30 C:\xampp\htdocs\hoteltotal\storage\framework\compiled.php(2440): Illuminate\Pipeline\Pipeline->Illuminate\Pipeline\{closure}(Object(Illuminate\Http\Request))
#31 C:\xampp\htdocs\hoteltotal\storage\framework\compiled.php(8887): Illuminate\Foundation\Http\Middleware\CheckForMaintenanceMode->handle(Object(Illuminate\Http\Request), Object(Closure))
#32 [internal function]: Illuminate\Pipeline\Pipeline->Illuminate\Pipeline\{closure}(Object(Illuminate\Http\Request))
#33 C:\xampp\htdocs\hoteltotal\storage\framework\compiled.php(8878): call_user_func(Object(Closure), Object(Illuminate\Http\Request))
#34 C:\xampp\htdocs\hoteltotal\storage\framework\compiled.php(1879): Illuminate\Pipeline\Pipeline->then(Object(Closure))
#35 C:\xampp\htdocs\hoteltotal\storage\framework\compiled.php(1868): Illuminate\Foundation\Http\Kernel->sendRequestThroughRouter(Object(Illuminate\Http\Request))
#36 C:\xampp\htdocs\hoteltotal\public\index.php(53): Illuminate\Foundation\Http\Kernel->handle(Object(Illuminate\Http\Request))
#37 {main}  
[2015-03-12 19:48:38] local.ERROR: exception 'ErrorException' with message 'Use of undefined constant messaje - assumed 'messaje'' in C:\xampp\htdocs\hoteltotal\storage\framework\views\2e685e979c4077de874ee43b8fd78747:11
Stack trace:
#0 C:\xampp\htdocs\hoteltotal\storage\framework\views\2e685e979c4077de874ee43b8fd78747(11): Illuminate\Foundation\Bootstrap\HandleExceptions->handleError(8, 'Use of undefine...', 'C:\xampp\htdocs...', 11, Array)
#1 C:\xampp\htdocs\hoteltotal\storage\framework\compiled.php(13581): include('C:\xampp\htdocs...')
#2 C:\xampp\htdocs\hoteltotal\storage\framework\compiled.php(13614): Illuminate\View\Engines\PhpEngine->evaluatePath('C:\xampp\htdocs...', Array)
#3 C:\xampp\htdocs\hoteltotal\storage\framework\compiled.php(13454): Illuminate\View\Engines\CompilerEngine->get('C:\xampp\htdocs...', Array)
#4 C:\xampp\htdocs\hoteltotal\storage\framework\compiled.php(13441): Illuminate\View\View->getContents()
#5 C:\xampp\htdocs\hoteltotal\storage\framework\compiled.php(13432): Illuminate\View\View->renderContents()
#6 C:\xampp\htdocs\hoteltotal\storage\framework\compiled.php(14528): Illuminate\View\View->render()
#7 C:\xampp\htdocs\hoteltotal\storage\framework\compiled.php(14057): Illuminate\Http\Response->setContent(Object(Illuminate\View\View))
#8 C:\xampp\htdocs\hoteltotal\storage\framework\compiled.php(7097): Symfony\Component\HttpFoundation\Response->__construct(Object(Illuminate\View\View))
#9 C:\xampp\htdocs\hoteltotal\storage\framework\compiled.php(6897): Illuminate\Routing\Router->prepareResponse(Object(Illuminate\Http\Request), Object(Illuminate\View\View))
#10 [internal function]: Illuminate\Routing\Router->Illuminate\Routing\{closure}(Object(Illuminate\Http\Request))
#11 C:\xampp\htdocs\hoteltotal\storage\framework\compiled.php(8895): call_user_func(Object(Closure), Object(Illuminate\Http\Request))
#12 [internal function]: Illuminate\Pipeline\Pipeline->Illuminate\Pipeline\{closure}(Object(Illuminate\Http\Request))
#13 C:\xampp\htdocs\hoteltotal\storage\framework\compiled.php(8878): call_user_func(Object(Closure), Object(Illuminate\Http\Request))
#14 C:\xampp\htdocs\hoteltotal\storage\framework\compiled.php(6898): Illuminate\Pipeline\Pipeline->then(Object(Closure))
#15 C:\xampp\htdocs\hoteltotal\storage\framework\compiled.php(6887): Illuminate\Routing\Router->runRouteWithinStack(Object(Illuminate\Routing\Route), Object(Illuminate\Http\Request))
#16 C:\xampp\htdocs\hoteltotal\storage\framework\compiled.php(6872): Illuminate\Routing\Router->dispatchToRoute(Object(Illuminate\Http\Request))
#17 C:\xampp\htdocs\hoteltotal\storage\framework\compiled.php(1901): Illuminate\Routing\Router->dispatch(Object(Illuminate\Http\Request))
#18 [internal function]: Illuminate\Foundation\Http\Kernel->Illuminate\Foundation\Http\{closure}(Object(Illuminate\Http\Request))
#19 C:\xampp\htdocs\hoteltotal\storage\framework\compiled.php(8895): call_user_func(Object(Closure), Object(Illuminate\Http\Request))
#20 C:\xampp\htdocs\hoteltotal\storage\framework\compiled.php(2400): Illuminate\Pipeline\Pipeline->Illuminate\Pipeline\{closure}(Object(Illuminate\Http\Request))
#21 C:\xampp\htdocs\hoteltotal\app\Http\Middleware\VerifyCsrfToken.php(17): Illuminate\Foundation\Http\Middleware\VerifyCsrfToken->handle(Object(Illuminate\Http\Request), Object(Closure))
#22 C:\xampp\htdocs\hoteltotal\storage\framework\compiled.php(8887): App\Http\Middleware\VerifyCsrfToken->handle(Object(Illuminate\Http\Request), Object(Closure))
#23 C:\xampp\htdocs\hoteltotal\storage\framework\compiled.php(12022): Illuminate\Pipeline\Pipeline->Illuminate\Pipeline\{closure}(Object(Illuminate\Http\Request))
#24 C:\xampp\htdocs\hoteltotal\storage\framework\compiled.php(8887): Illuminate\View\Middleware\ShareErrorsFromSession->handle(Object(Illuminate\Http\Request), Object(Closure))
#25 C:\xampp\htdocs\hoteltotal\storage\framework\compiled.php(10728): Illuminate\Pipeline\Pipeline->Illuminate\Pipeline\{closure}(Object(Illuminate\Http\Request))
#26 C:\xampp\htdocs\hoteltotal\storage\framework\compiled.php(8887): Illuminate\Session\Middleware\StartSession->handle(Object(Illuminate\Http\Request), Object(Closure))
#27 C:\xampp\htdocs\hoteltotal\storage\framework\compiled.php(11728): Illuminate\Pipeline\Pipeline->Illuminate\Pipeline\{closure}(Object(Illuminate\Http\Request))
#28 C:\xampp\htdocs\hoteltotal\storage\framework\compiled.php(8887): Illuminate\Cookie\Middleware\AddQueuedCookiesToResponse->handle(Object(Illuminate\Http\Request), Object(Closure))
#29 C:\xampp\htdocs\hoteltotal\storage\framework\compiled.php(11677): Illuminate\Pipeline\Pipeline->Illuminate\Pipeline\{closure}(Object(Illuminate\Http\Request))
#30 C:\xampp\htdocs\hoteltotal\storage\framework\compiled.php(8887): Illuminate\Cookie\Middleware\EncryptCookies->handle(Object(Illuminate\Http\Request), Object(Closure))
#31 C:\xampp\htdocs\hoteltotal\storage\framework\compiled.php(2440): Illuminate\Pipeline\Pipeline->Illuminate\Pipeline\{closure}(Object(Illuminate\Http\Request))
#32 C:\xampp\htdocs\hoteltotal\storage\framework\compiled.php(8887): Illuminate\Foundation\Http\Middleware\CheckForMaintenanceMode->handle(Object(Illuminate\Http\Request), Object(Closure))
#33 [internal function]: Illuminate\Pipeline\Pipeline->Illuminate\Pipeline\{closure}(Object(Illuminate\Http\Request))
#34 C:\xampp\htdocs\hoteltotal\storage\framework\compiled.php(8878): call_user_func(Object(Closure), Object(Illuminate\Http\Request))
#35 C:\xampp\htdocs\hoteltotal\storage\framework\compiled.php(1879): Illuminate\Pipeline\Pipeline->then(Object(Closure))
#36 C:\xampp\htdocs\hoteltotal\storage\framework\compiled.php(1868): Illuminate\Foundation\Http\Kernel->sendRequestThroughRouter(Object(Illuminate\Http\Request))
#37 C:\xampp\htdocs\hoteltotal\public\index.php(53): Illuminate\Foundation\Http\Kernel->handle(Object(Illuminate\Http\Request))
#38 {main}

Next exception 'ErrorException' with message 'Use of undefined constant messaje - assumed 'messaje' (View: C:\xampp\htdocs\hoteltotal\resources\views\nosotros\nuestraorganizacion.blade.php)' in C:\xampp\htdocs\hoteltotal\storage\framework\views\2e685e979c4077de874ee43b8fd78747:11
Stack trace:
#0 C:\xampp\htdocs\hoteltotal\storage\framework\compiled.php(13583): Illuminate\View\Engines\CompilerEngine->handleViewException(Object(ErrorException), 1)
#1 C:\xampp\htdocs\hoteltotal\storage\framework\compiled.php(13614): Illuminate\View\Engines\PhpEngine->evaluatePath('C:\xampp\htdocs...', Array)
#2 C:\xampp\htdocs\hoteltotal\storage\framework\compiled.php(13454): Illuminate\View\Engines\CompilerEngine->get('C:\xampp\htdocs...', Array)
#3 C:\xampp\htdocs\hoteltotal\storage\framework\compiled.php(13441): Illuminate\View\View->getContents()
#4 C:\xampp\htdocs\hoteltotal\storage\framework\compiled.php(13432): Illuminate\View\View->renderContents()
#5 C:\xampp\htdocs\hoteltotal\storage\framework\compiled.php(14528): Illuminate\View\View->render()
#6 C:\xampp\htdocs\hoteltotal\storage\framework\compiled.php(14057): Illuminate\Http\Response->setContent(Object(Illuminate\View\View))
#7 C:\xampp\htdocs\hoteltotal\storage\framework\compiled.php(7097): Symfony\Component\HttpFoundation\Response->__construct(Object(Illuminate\View\View))
#8 C:\xampp\htdocs\hoteltotal\storage\framework\compiled.php(6897): Illuminate\Routing\Router->prepareResponse(Object(Illuminate\Http\Request), Object(Illuminate\View\View))
#9 [internal function]: Illuminate\Routing\Router->Illuminate\Routing\{closure}(Object(Illuminate\Http\Request))
#10 C:\xampp\htdocs\hoteltotal\storage\framework\compiled.php(8895): call_user_func(Object(Closure), Object(Illuminate\Http\Request))
#11 [internal function]: Illuminate\Pipeline\Pipeline->Illuminate\Pipeline\{closure}(Object(Illuminate\Http\Request))
#12 C:\xampp\htdocs\hoteltotal\storage\framework\compiled.php(8878): call_user_func(Object(Closure), Object(Illuminate\Http\Request))
#13 C:\xampp\htdocs\hoteltotal\storage\framework\compiled.php(6898): Illuminate\Pipeline\Pipeline->then(Object(Closure))
#14 C:\xampp\htdocs\hoteltotal\storage\framework\compiled.php(6887): Illuminate\Routing\Router->runRouteWithinStack(Object(Illuminate\Routing\Route), Object(Illuminate\Http\Request))
#15 C:\xampp\htdocs\hoteltotal\storage\framework\compiled.php(6872): Illuminate\Routing\Router->dispatchToRoute(Object(Illuminate\Http\Request))
#16 C:\xampp\htdocs\hoteltotal\storage\framework\compiled.php(1901): Illuminate\Routing\Router->dispatch(Object(Illuminate\Http\Request))
#17 [internal function]: Illuminate\Foundation\Http\Kernel->Illuminate\Foundation\Http\{closure}(Object(Illuminate\Http\Request))
#18 C:\xampp\htdocs\hoteltotal\storage\framework\compiled.php(8895): call_user_func(Object(Closure), Object(Illuminate\Http\Request))
#19 C:\xampp\htdocs\hoteltotal\storage\framework\compiled.php(2400): Illuminate\Pipeline\Pipeline->Illuminate\Pipeline\{closure}(Object(Illuminate\Http\Request))
#20 C:\xampp\htdocs\hoteltotal\app\Http\Middleware\VerifyCsrfToken.php(17): Illuminate\Foundation\Http\Middleware\VerifyCsrfToken->handle(Object(Illuminate\Http\Request), Object(Closure))
#21 C:\xampp\htdocs\hoteltotal\storage\framework\compiled.php(8887): App\Http\Middleware\VerifyCsrfToken->handle(Object(Illuminate\Http\Request), Object(Closure))
#22 C:\xampp\htdocs\hoteltotal\storage\framework\compiled.php(12022): Illuminate\Pipeline\Pipeline->Illuminate\Pipeline\{closure}(Object(Illuminate\Http\Request))
#23 C:\xampp\htdocs\hoteltotal\storage\framework\compiled.php(8887): Illuminate\View\Middleware\ShareErrorsFromSession->handle(Object(Illuminate\Http\Request), Object(Closure))
#24 C:\xampp\htdocs\hoteltotal\storage\framework\compiled.php(10728): Illuminate\Pipeline\Pipeline->Illuminate\Pipeline\{closure}(Object(Illuminate\Http\Request))
#25 C:\xampp\htdocs\hoteltotal\storage\framework\compiled.php(8887): Illuminate\Session\Middleware\StartSession->handle(Object(Illuminate\Http\Request), Object(Closure))
#26 C:\xampp\htdocs\hoteltotal\storage\framework\compiled.php(11728): Illuminate\Pipeline\Pipeline->Illuminate\Pipeline\{closure}(Object(Illuminate\Http\Request))
#27 C:\xampp\htdocs\hoteltotal\storage\framework\compiled.php(8887): Illuminate\Cookie\Middleware\AddQueuedCookiesToResponse->handle(Object(Illuminate\Http\Request), Object(Closure))
#28 C:\xampp\htdocs\hoteltotal\storage\framework\compiled.php(11677): Illuminate\Pipeline\Pipeline->Illuminate\Pipeline\{closure}(Object(Illuminate\Http\Request))
#29 C:\xampp\htdocs\hoteltotal\storage\framework\compiled.php(8887): Illuminate\Cookie\Middleware\EncryptCookies->handle(Object(Illuminate\Http\Request), Object(Closure))
#30 C:\xampp\htdocs\hoteltotal\storage\framework\compiled.php(2440): Illuminate\Pipeline\Pipeline->Illuminate\Pipeline\{closure}(Object(Illuminate\Http\Request))
#31 C:\xampp\htdocs\hoteltotal\storage\framework\compiled.php(8887): Illuminate\Foundation\Http\Middleware\CheckForMaintenanceMode->handle(Object(Illuminate\Http\Request), Object(Closure))
#32 [internal function]: Illuminate\Pipeline\Pipeline->Illuminate\Pipeline\{closure}(Object(Illuminate\Http\Request))
#33 C:\xampp\htdocs\hoteltotal\storage\framework\compiled.php(8878): call_user_func(Object(Closure), Object(Illuminate\Http\Request))
#34 C:\xampp\htdocs\hoteltotal\storage\framework\compiled.php(1879): Illuminate\Pipeline\Pipeline->then(Object(Closure))
#35 C:\xampp\htdocs\hoteltotal\storage\framework\compiled.php(1868): Illuminate\Foundation\Http\Kernel->sendRequestThroughRouter(Object(Illuminate\Http\Request))
#36 C:\xampp\htdocs\hoteltotal\public\index.php(53): Illuminate\Foundation\Http\Kernel->handle(Object(Illuminate\Http\Request))
#37 {main}  
